TN:
SF:/usr/lib/gcc/x86_64-alpine-linux-musl/15.2.0/include/emmintrin.h
FNF:0
FNH:0
DA:707,938
DA:803,1437
DA:1330,938
DA:1342,479
DA:1378,479
DA:1462,479
LF:6
LH:6
end_of_record
TN:
SF:/usr/local/include/cxxopts.hpp
FNL:0,1037,1052
FNA:0,56,_ZN7cxxopts6values11parse_valueERKNSt7__cxx1112basic_stringIcSt11char_traitsIcESaIcEEERb
FNL:1,1056,1059
FNA:1,148,_ZN7cxxopts6values11parse_valueERKNSt7__cxx1112basic_stringIcSt11char_traitsIcESaIcEEERS6_
FNL:2,1124,1127
FNA:2,0,_ZN7cxxopts6values9add_valueINSt7__cxx1112basic_stringIcSt11char_traitsIcESaIcEEEEEvRKS7_RT_
FNA:2,0,_ZN7cxxopts6values9add_valueIbEEvRKNSt7__cxx1112basic_stringIcSt11char_traitsIcESaIcEEERT_
FNL:3,1156,1160
FNA:3,168,_ZN7cxxopts6values14abstract_valueINSt7__cxx1112basic_stringIcSt11char_traitsIcESaIcEEEEC2Ev
FNA:3,56,_ZN7cxxopts6values14abstract_valueIbEC2Ev
FNL:4,1167,1167
FNA:4,0,_ZN7cxxopts6values14abstract_valueINSt7__cxx1112basic_stringIcSt11char_traitsIcESaIcEEEED0Ev
FNA:4,280,_ZN7cxxopts6values14abstract_valueINSt7__cxx1112basic_stringIcSt11char_traitsIcESaIcEEEED2Ev
FNA:4,0,_ZN7cxxopts6values14abstract_valueIbED0Ev
FNA:4,100,_ZN7cxxopts6values14abstract_valueIbED2Ev
FNL:5,1171,1187
FNA:5,148,_ZN7cxxopts6values14abstract_valueINSt7__cxx1112basic_stringIcSt11char_traitsIcESaIcEEEEC2ERKS8_
FNA:5,56,_ZN7cxxopts6values14abstract_valueIbEC2ERKS2_
FNL:6,1190,1193
FNA:6,0,_ZNK7cxxopts6values14abstract_valueINSt7__cxx1112basic_stringIcSt11char_traitsIcESaIcEEEE3addERKS7_
FNA:6,0,_ZNK7cxxopts6values14abstract_valueIbE3addERKNSt7__cxx1112basic_stringIcSt11char_traitsIcESaIcEEE
FNL:7,1196,1199
FNA:7,138,_ZNK7cxxopts6values14abstract_valueINSt7__cxx1112basic_stringIcSt11char_traitsIcESaIcEEEE5parseERKS7_
FNA:7,2,_ZNK7cxxopts6values14abstract_valueIbE5parseERKNSt7__cxx1112basic_stringIcSt11char_traitsIcESaIcEEE
FNL:8,1202,1205
FNA:8,168,_ZNK7cxxopts6values14abstract_valueINSt7__cxx1112basic_stringIcSt11char_traitsIcESaIcEEEE12is_containerEv
FNA:8,56,_ZNK7cxxopts6values14abstract_valueIbE12is_containerEv
FNL:9,1208,1211
FNA:9,10,_ZNK7cxxopts6values14abstract_valueINSt7__cxx1112basic_stringIcSt11char_traitsIcESaIcEEEE5parseEv
FNA:9,54,_ZNK7cxxopts6values14abstract_valueIbE5parseEv
FNL:10,1214,1217
FNA:10,504,_ZNK7cxxopts6values14abstract_valueINSt7__cxx1112basic_stringIcSt11char_traitsIcESaIcEEEE11has_defaultEv
FNA:10,168,_ZNK7cxxopts6values14abstract_valueIbE11has_defaultEv
FNL:11,1220,1223
FNA:11,306,_ZNK7cxxopts6values14abstract_valueINSt7__cxx1112basic_stringIcSt11char_traitsIcESaIcEEEE12has_implicitEv
FNA:11,58,_ZNK7cxxopts6values14abstract_valueIbE12has_implicitEv
FNL:12,1226,1231
FNA:12,56,_ZN7cxxopts6values14abstract_valueINSt7__cxx1112basic_stringIcSt11char_traitsIcESaIcEEEE13default_valueERKS7_
FNA:12,0,_ZN7cxxopts6values14abstract_valueIbE13default_valueERKNSt7__cxx1112basic_stringIcSt11char_traitsIcESaIcEEE
FNL:13,1234,1239
FNA:13,0,_ZN7cxxopts6values14abstract_valueINSt7__cxx1112basic_stringIcSt11char_traitsIcESaIcEEEE14implicit_valueERKS7_
FNA:13,0,_ZN7cxxopts6values14abstract_valueIbE14implicit_valueERKNSt7__cxx1112basic_stringIcSt11char_traitsIcESaIcEEE
FNL:14,1242,1246
FNA:14,0,_ZN7cxxopts6values14abstract_valueINSt7__cxx1112basic_stringIcSt11char_traitsIcESaIcEEEE17no_implicit_valueEv
FNA:14,0,_ZN7cxxopts6values14abstract_valueIbE17no_implicit_valueEv
FNL:15,1249,1252
FNA:15,178,_ZNK7cxxopts6values14abstract_valueINSt7__cxx1112basic_stringIcSt11char_traitsIcESaIcEEEE17get_default_valueEv
FNA:15,110,_ZNK7cxxopts6values14abstract_valueIbE17get_default_valueB5cxx11Ev
FNL:16,1255,1258
FNA:16,168,_ZNK7cxxopts6values14abstract_valueINSt7__cxx1112basic_stringIcSt11char_traitsIcESaIcEEEE18get_implicit_valueEv
FNA:16,58,_ZNK7cxxopts6values14abstract_valueIbE18get_implicit_valueB5cxx11Ev
FNL:17,1261,1264
FNA:17,168,_ZNK7cxxopts6values14abstract_valueINSt7__cxx1112basic_stringIcSt11char_traitsIcESaIcEEEE10is_booleanEv
FNA:17,56,_ZNK7cxxopts6values14abstract_valueIbE10is_booleanEv
FNL:18,1267,1274
FNA:18,138,_ZNK7cxxopts6values14abstract_valueINSt7__cxx1112basic_stringIcSt11char_traitsIcESaIcEEEE3getEv
FNL:19,1295,1298
FNA:19,148,_ZNK7cxxopts6values14standard_valueINSt7__cxx1112basic_stringIcSt11char_traitsIcESaIcEEEE5cloneEv
FNL:20,1305,1305
FNA:20,0,_ZN7cxxopts6values14standard_valueIbED0Ev
FNA:20,100,_ZN7cxxopts6values14standard_valueIbED2Ev
FNL:21,1307,1310
FNA:21,56,_ZN7cxxopts6values14standard_valueIbEC2Ev
FNL:22,1320,1323
FNA:22,56,_ZNK7cxxopts6values14standard_valueIbE5cloneEv
FNL:23,1328,1334
FNA:23,56,_ZN7cxxopts6values14standard_valueIbE24set_default_and_implicitEv
FNL:24,1341,1344
FNA:24,168,_ZN7cxxopts5valueINSt7__cxx1112basic_stringIcSt11char_traitsIcESaIcEEEEESt10shared_ptrINS_5ValueEEv
FNA:24,56,_ZN7cxxopts5valueIbEESt10shared_ptrINS_5ValueEEv
FNL:25,1358,1362
FNA:25,224,_ZN7cxxopts14first_or_emptyERKSt6vectorINSt7__cxx1112basic_stringIcSt11char_traitsIcESaIcEEESaIS6_EE
FNL:26,1367,1381
FNA:26,224,_ZN7cxxopts13OptionDetailsC2ENSt7__cxx1112basic_stringIcSt11char_traitsIcESaIcEEESt6vectorIS6_SaIS6_EES6_St10shared_ptrIKNS_5ValueEE
FNL:27,1401,1403
FNA:27,654,_ZNK7cxxopts13OptionDetails5valueEv
FNL:28,1407,1410
FNA:28,204,_ZNK7cxxopts13OptionDetails12make_storageEv
FNL:29,1414,1417
FNA:29,448,_ZNK7cxxopts13OptionDetails10short_nameB5cxx11Ev
FNL:30,1421,1424
FNA:30,224,_ZNK7cxxopts13OptionDetails15first_long_nameB5cxx11Ev
FNL:31,1428,1431
FNA:31,204,_ZNK7cxxopts13OptionDetails14essential_nameB5cxx11Ev
FNL:32,1435,1438
FNA:32,876,_ZNK7cxxopts13OptionDetails10long_namesB5cxx11Ev
FNL:33,1441,1444
FNA:33,1324,_ZNK7cxxopts13OptionDetails4hashEv
FNL:34,1481,1491
FNA:34,0,_ZN7cxxopts11OptionValue3addERKSt10shared_ptrIKNS_13OptionDetailsEERKNSt7__cxx1112basic_stringIcSt11char_traitsIcESaIcEEE
FNL:35,1494,1504
FNA:35,140,_ZN7cxxopts11OptionValue5parseERKSt10shared_ptrIKNS_13OptionDetailsEERKNSt7__cxx1112basic_stringIcSt11char_traitsIcESaIcEEE
FNL:36,1507,1513
FNA:36,64,_ZN7cxxopts11OptionValue13parse_defaultERKSt10shared_ptrIKNS_13OptionDetailsEE
FNL:37,1516,1519
FNA:37,224,_ZN7cxxopts11OptionValue14parse_no_valueERKSt10shared_ptrIKNS_13OptionDetailsEE
FNL:38,1528,1531
FNA:38,374,_ZNK7cxxopts11OptionValue5countEv
FNL:39,1540,1543
FNA:39,128,_ZNK7cxxopts11OptionValue11has_defaultEv
FNL:40,1547,1555
FNA:40,138,_ZNK7cxxopts11OptionValue2asINSt7__cxx1112basic_stringIcSt11char_traitsIcESaIcEEEEERKT_v
FNL:41,1571,1577
FNA:41,204,_ZN7cxxopts11OptionValue12ensure_valueERKSt10shared_ptrIKNS_13OptionDetailsEE
FNL:42,1591,1595
FNA:42,204,_ZN7cxxopts8KeyValueC2ENSt7__cxx1112basic_stringIcSt11char_traitsIcESaIcEEES6_
FNL:43,1717,1725
FNA:43,28,_ZN7cxxopts11ParseResultC2EOSt13unordered_mapINSt7__cxx1112basic_stringIcSt11char_traitsIcESaIcEEEmSt4hashIS7_ESt8equal_toIS7_ESaISt4pairIKS7_mEEEOS1_ImNS_11OptionValueES8_ImESA_ImESaISC_IKmSI_EEESt6vectorINS_8KeyValueESaISR_EEST_OSQ_IS7_SaIS7_EE
FNL:44,1743,1759
FNA:44,150,_ZNK7cxxopts11ParseResult5countERKNSt7__cxx1112basic_stringIcSt11char_traitsIcESaIcEEE
FNL:45,1768,1785
FNA:45,138,_ZNK7cxxopts11ParseResultixERKNSt7__cxx1112basic_stringIcSt11char_traitsIcESaIcEEE
FNL:46,1875,1880
FNA:46,28,_ZN7cxxopts12OptionParserC2ERKSt13unordered_mapINSt7__cxx1112basic_stringIcSt11char_traitsIcESaIcEEESt10shared_ptrINS_13OptionDetailsEESt4hashIS7_ESt8equal_toIS7_ESaISt4pairIKS7_SA_EEERKSt6vectorIS7_SaIS7_EEb
FNL:47,1934,1945
FNA:47,28,_ZN7cxxopts7OptionsC2ENSt7__cxx1112basic_stringIcSt11char_traitsIcESaIcEEES6_
FNL:48,2110,2113
FNA:48,28,_ZN7cxxopts11OptionAdderC2ERNS_7OptionsENSt7__cxx1112basic_stringIcSt11char_traitsIcESaIcEEE
FNL:49,2135,2178
FNA:49,0,_ZN7cxxopts12_GLOBAL__N_1L13format_optionERKNS_17HelpOptionDetailsE
FNL:50,2181,2306
FNA:50,0,_ZN7cxxopts12_GLOBAL__N_1L18format_descriptionERKNS_17HelpOptionDetailsEmmb
FNL:51,2327,2330
FNA:51,28,_ZN7cxxopts7Options11add_optionsENSt7__cxx1112basic_stringIcSt11char_traitsIcESaIcEEE
FNL:52,2334,2373
FNA:52,224,_ZN7cxxopts11OptionAdderclERKNSt7__cxx1112basic_stringIcSt11char_traitsIcESaIcEEES8_RKSt10shared_ptrIKNS_5ValueEES6_
FNL:53,2348,2348
FNA:53,448,_ZZN7cxxopts11OptionAdderclERKNSt7__cxx1112basic_stringIcSt11char_traitsIcESaIcEEES8_RKSt10shared_ptrIKNS_5ValueEES6_ENKUlS8_E_clES8_
FNL:54,2377,2383
FNA:54,64,_ZN7cxxopts12OptionParser13parse_defaultERKSt10shared_ptrINS_13OptionDetailsEE
FNL:55,2387,2391
FNA:55,224,_ZN7cxxopts12OptionParser14parse_no_valueERKSt10shared_ptrINS_13OptionDetailsEE
FNL:56,2395,2407
FNA:56,140,_ZN7cxxopts12OptionParser12parse_optionERKSt10shared_ptrINS_13OptionDetailsEERKNSt7__cxx1112basic_stringIcSt11char_traitsIcESaIcEEESD_
FNL:57,2411,2443
FNA:57,140,_ZN7cxxopts12OptionParser17checked_parse_argEiPKPKcRiRKSt10shared_ptrINS_13OptionDetailsEERKNSt7__cxx1112basic_stringIcSt11char_traitsIcESaIcEEE
FNL:58,2447,2454
FNA:58,0,_ZN7cxxopts12OptionParser13add_to_optionERKSt10shared_ptrINS_13OptionDetailsEERKNSt7__cxx1112basic_stringIcSt11char_traitsIcESaIcEEE
FNL:59,2458,2484
FNA:59,0,_ZN7cxxopts12OptionParser18consume_positionalERKNSt7__cxx1112basic_stringIcSt11char_traitsIcESaIcEEERN9__gnu_cxx17__normal_iteratorIPS7_St6vectorIS6_SaIS6_EEEE
FNL:60,2511,2516
FNA:60,28,_ZN7cxxopts7Options5parseEiPKPKc
FNL:61,2519,2686
FNA:61,28,_ZN7cxxopts12OptionParser5parseEiPKPKc
FNL:62,2690,2703
FNA:62,28,_ZN7cxxopts12OptionParser16finalise_aliasesEv
FNL:63,2718,2755
FNA:63,224,_ZN7cxxopts7Options10add_optionERKNSt7__cxx1112basic_stringIcSt11char_traitsIcESaIcEEES8_RKSt6vectorIS6_SaIS6_EES6_RKSt10shared_ptrIKNS_5ValueEES6_
FNL:64,2759,2771
FNA:64,448,_ZN7cxxopts7Options14add_one_optionERKNSt7__cxx1112basic_stringIcSt11char_traitsIcESaIcEEERKSt10shared_ptrINS_13OptionDetailsEE
FNL:65,301,304
FNA:65,252,_ZN7cxxopts13toLocalStringINSt7__cxx1112basic_stringIcSt11char_traitsIcESaIcEEEEET_OS7_
FNA:65,0,_ZN7cxxopts13toLocalStringIRA15_KcEET_OS4_
FNA:65,0,_ZN7cxxopts13toLocalStringIRKNSt7__cxx1112basic_stringIcSt11char_traitsIcESaIcEEEEET_OS9_
FNL:66,315,318
FNA:66,0,_ZN7cxxopts12stringAppendERNSt7__cxx1112basic_stringIcSt11char_traitsIcESaIcEEERKS5_
FNL:67,322,325
FNA:67,0,_ZN7cxxopts12stringAppendERNSt7__cxx1112basic_stringIcSt11char_traitsIcESaIcEEEmc
FNL:68,329,332
FNA:68,0,_ZN7cxxopts12stringAppendIN9__gnu_cxx17__normal_iteratorIPcNSt7__cxx1112basic_stringIcSt11char_traitsIcESaIcEEEEEEERS9_SB_T_SC_
FNL:69,373,373
FNA:69,0,_ZN7cxxopts5ValueD0Ev
FNA:69,380,_ZN7cxxopts5ValueD2Ev
FNL:70,423,426
FNA:70,0,_ZN7cxxopts10exceptions9exceptionC2ENSt7__cxx1112basic_stringIcSt11char_traitsIcESaIcEEE
FNL:71,430,433
FNA:71,0,_ZNK7cxxopts10exceptions9exception4whatEv
FNL:72,443,446
FNA:72,0,_ZN7cxxopts10exceptions13specificationC2ERKNSt7__cxx1112basic_stringIcSt11char_traitsIcESaIcEEE
FNL:73,452,455
FNA:73,0,_ZN7cxxopts10exceptions7parsingC2ERKNSt7__cxx1112basic_stringIcSt11char_traitsIcESaIcEEE
FNL:74,461,464
FNA:74,0,_ZN7cxxopts10exceptions21option_already_existsC2ERKNSt7__cxx1112basic_stringIcSt11char_traitsIcESaIcEEE
FNL:75,470,473
FNA:75,0,_ZN7cxxopts10exceptions21invalid_option_formatC2ERKNSt7__cxx1112basic_stringIcSt11char_traitsIcESaIcEEE
FNL:76,478,482
FNA:76,0,_ZN7cxxopts10exceptions21invalid_option_syntaxC2ERKNSt7__cxx1112basic_stringIcSt11char_traitsIcESaIcEEE
FNL:77,488,491
FNA:77,0,_ZN7cxxopts10exceptions14no_such_optionC2ERKNSt7__cxx1112basic_stringIcSt11char_traitsIcESaIcEEE
FNL:78,497,502
FNA:78,0,_ZN7cxxopts10exceptions16missing_argumentC2ERKNSt7__cxx1112basic_stringIcSt11char_traitsIcESaIcEEE
FNL:79,508,513
FNA:79,0,_ZN7cxxopts10exceptions24option_requires_argumentC2ERKNSt7__cxx1112basic_stringIcSt11char_traitsIcESaIcEEE
FNL:80,536,539
FNA:80,0,_ZN7cxxopts10exceptions28requested_option_not_presentC2ERKNSt7__cxx1112basic_stringIcSt11char_traitsIcESaIcEEE
FNL:81,545,551
FNA:81,0,_ZN7cxxopts10exceptions19option_has_no_valueC2ERKNSt7__cxx1112basic_stringIcSt11char_traitsIcESaIcEEE
FNL:82,557,565
FNA:82,0,_ZN7cxxopts10exceptions23incorrect_argument_typeC2ERKNSt7__cxx1112basic_stringIcSt11char_traitsIcESaIcEEE
FNL:83,572,588
FNA:83,0,_ZN7cxxopts14throw_or_mimicINS_10exceptions14no_such_optionEEEvRKNSt7__cxx1112basic_stringIcSt11char_traitsIcESaIcEEE
FNA:83,0,_ZN7cxxopts14throw_or_mimicINS_10exceptions16missing_argumentEEEvRKNSt7__cxx1112basic_stringIcSt11char_traitsIcESaIcEEE
FNA:83,0,_ZN7cxxopts14throw_or_mimicINS_10exceptions19option_has_no_valueEEEvRKNSt7__cxx1112basic_stringIcSt11char_traitsIcESaIcEEE
FNA:83,0,_ZN7cxxopts14throw_or_mimicINS_10exceptions21invalid_option_formatEEEvRKNSt7__cxx1112basic_stringIcSt11char_traitsIcESaIcEEE
FNA:83,0,_ZN7cxxopts14throw_or_mimicINS_10exceptions21invalid_option_syntaxEEEvRKNSt7__cxx1112basic_stringIcSt11char_traitsIcESaIcEEE
FNA:83,0,_ZN7cxxopts14throw_or_mimicINS_10exceptions21option_already_existsEEEvRKNSt7__cxx1112basic_stringIcSt11char_traitsIcESaIcEEE
FNA:83,0,_ZN7cxxopts14throw_or_mimicINS_10exceptions23incorrect_argument_typeEEEvRKNSt7__cxx1112basic_stringIcSt11char_traitsIcESaIcEEE
FNA:83,0,_ZN7cxxopts14throw_or_mimicINS_10exceptions24option_requires_argumentEEEvRKNSt7__cxx1112basic_stringIcSt11char_traitsIcESaIcEEE
FNA:83,0,_ZN7cxxopts14throw_or_mimicINS_10exceptions28requested_option_not_presentEEEvRKNSt7__cxx1112basic_stringIcSt11char_traitsIcESaIcEEE
FNL:84,821,827
FNA:84,56,_ZN7cxxopts6values11parser_tool10IsTrueTextERKNSt7__cxx1112basic_stringIcSt11char_traitsIcESaIcEEE
FNL:85,829,835
FNA:85,54,_ZN7cxxopts6values11parser_tool11IsFalseTextERKNSt7__cxx1112basic_stringIcSt11char_traitsIcESaIcEEE
FNL:86,840,856
FNA:86,224,_ZN7cxxopts6values11parser_tool18split_option_namesERKNSt7__cxx1112basic_stringIcSt11char_traitsIcESaIcEEE
FNL:87,858,878
FNA:87,140,_ZN7cxxopts6values11parser_tool13ParseArgumentEPKcRb
FNF:88
FNH:62
DA:301,252
DA:303,252
DA:315,0
DA:317,0
DA:322,0
DA:324,0
DA:329,0
DA:331,0
DA:373,380
DA:423,0
DA:424,0
DA:426,0
DA:430,0
DA:432,0
DA:443,0
DA:444,0
DA:446,0
DA:452,0
DA:453,0
DA:455,0
DA:461,0
DA:462,0
DA:464,0
DA:470,0
DA:471,0
DA:473,0
DA:478,0
DA:479,0
DA:480,0
DA:482,0
DA:488,0
DA:489,0
DA:491,0
DA:497,0
DA:498,0
DA:499,0
DA:500,0
DA:502,0
DA:508,0
DA:509,0
DA:510,0
DA:511,0
DA:513,0
DA:536,0
DA:537,0
DA:539,0
DA:545,0
DA:546,0
DA:547,0
DA:548,0
DA:549,0
DA:551,0
DA:557,0
DA:561,0
DA:562,0
DA:563,0
DA:565,0
DA:572,0
DA:580,0
DA:796,168
DA:821,56
DA:823,56
DA:824,56
DA:825,56
DA:826,112
DA:827,56
DA:829,54
DA:831,54
DA:832,54
DA:833,54
DA:834,108
DA:835,54
DA:840,224
DA:842,224
DA:843,224
DA:845,0
DA:848,224
DA:850,224
DA:851,224
DA:853,224
DA:854,224
DA:855,224
DA:856,224
DA:858,140
DA:860,140
DA:861,140
DA:862,140
DA:863,140
DA:865,140
DA:866,140
DA:867,140
DA:868,140
DA:869,140
DA:870,140
DA:872,140
DA:873,140
DA:877,140
DA:878,140
DA:1037,56
DA:1039,56
DA:1041,2
DA:1042,2
DA:1045,54
DA:1047,54
DA:1048,54
DA:1051,0
DA:1056,148
DA:1058,148
DA:1059,148
DA:1124,0
DA:1126,0
DA:1127,0
DA:1156,224
DA:1157,224
DA:1158,224
DA:1160,224
DA:1167,380
DA:1171,204
DA:1172,204
DA:1173,204
DA:1175,204
DA:1176,204
DA:1180,0
DA:1183,204
DA:1184,204
DA:1185,204
DA:1186,204
DA:1187,204
DA:1190,0
DA:1192,0
DA:1193,0
DA:1196,140
DA:1198,140
DA:1199,140
DA:1202,224
DA:1204,224
DA:1208,64
DA:1210,64
DA:1211,64
DA:1214,672
DA:1216,672
DA:1220,364
DA:1222,364
DA:1226,56
DA:1228,56
DA:1229,56
DA:1230,56
DA:1234,0
DA:1236,0
DA:1237,0
DA:1238,0
DA:1242,0
DA:1244,0
DA:1245,0
DA:1249,288
DA:1251,288
DA:1255,226
DA:1257,226
DA:1261,224
DA:1263,224
DA:1267,138
DA:1269,138
DA:1271,0
DA:1273,138
DA:1295,148
DA:1297,148
DA:1305,100
DA:1307,56
DA:1308,56
DA:1309,56
DA:1310,56
DA:1320,56
DA:1322,56
DA:1328,56
DA:1330,56
DA:1331,56
DA:1332,56
DA:1333,56
DA:1334,56
DA:1341,224
DA:1343,224
DA:1358,224
DA:1360,224
DA:1361,224
DA:1367,224
DA:1374,448
DA:1375,448
DA:1376,448
DA:1377,448
DA:1378,224
DA:1380,224
DA:1381,224
DA:1401,654
DA:1402,654
DA:1407,204
DA:1409,204
DA:1414,448
DA:1416,448
DA:1421,224
DA:1423,224
DA:1428,204
DA:1430,204
DA:1435,876
DA:1437,876
DA:1441,1324
DA:1443,1324
DA:1481,0
DA:1487,0
DA:1488,0
DA:1489,0
DA:1490,0
DA:1491,0
DA:1494,140
DA:1500,140
DA:1501,140
DA:1502,140
DA:1503,140
DA:1504,140
DA:1507,64
DA:1509,64
DA:1510,64
DA:1511,64
DA:1512,64
DA:1513,64
DA:1516,224
DA:1518,224
DA:1519,224
DA:1528,374
DA:1530,374
DA:1540,128
DA:1542,128
DA:1547,138
DA:1549,138
DA:1550,0
DA:1551,0
DA:1554,138
DA:1571,204
DA:1573,204
DA:1575,204
DA:1577,204
DA:1591,204
DA:1592,408
DA:1593,408
DA:1595,204
DA:1717,28
DA:1719,56
DA:1720,56
DA:1721,56
DA:1722,56
DA:1723,56
DA:1725,28
DA:1743,150
DA:1745,150
DA:1746,150
DA:1748,0
DA:1751,150
DA:1753,150
DA:1755,0
DA:1758,150
DA:1768,138
DA:1770,138
DA:1772,138
DA:1774,0
DA:1777,138
DA:1779,138
DA:1781,0
DA:1784,276
DA:1875,28
DA:1876,28
DA:1877,28
DA:1878,28
DA:1880,28
DA:1934,28
DA:1935,56
DA:1936,28
DA:1937,56
DA:1938,56
DA:1939,28
DA:1940,28
DA:1941,28
DA:1942,28
DA:1943,28
DA:1945,28
DA:1993,84
DA:2110,28
DA:2111,56
DA:2113,28
DA:2122,672
DA:2135,0
DA:2140,0
DA:2141,0
DA:2143,0
DA:2145,0
DA:2147,0
DA:2148,0
DA:2150,0
DA:2155,0
DA:2158,0
DA:2160,0
DA:2163,0
DA:2165,0
DA:2167,0
DA:2169,0
DA:2173,0
DA:2177,0
DA:2178,0
DA:2181,0
DA:2189,0
DA:2191,0
DA:2193,0
DA:2195,0
DA:2199,0
DA:2203,0
DA:2205,0
DA:2207,0
DA:2208,0
DA:2209,0
DA:2211,0
DA:2213,0
DA:2214,0
DA:2216,0
DA:2218,0
DA:2219,0
DA:2220,0
DA:2224,0
DA:2225,0
DA:2228,0
DA:2229,0
DA:2231,0
DA:2233,0
DA:2234,0
DA:2235,0
DA:2236,0
DA:2238,0
DA:2241,0
DA:2243,0
DA:2245,0
DA:2246,0
DA:2248,0
DA:2250,0
DA:2252,0
DA:2255,0
DA:2257,0
DA:2259,0
DA:2262,0
DA:2264,0
DA:2266,0
DA:2267,0
DA:2269,0
DA:2272,0
DA:2274,0
DA:2275,0
DA:2276,0
DA:2278,0
DA:2280,0
DA:2283,0
DA:2285,0
DA:2287,0
DA:2290,0
DA:2291,0
DA:2294,0
DA:2296,0
DA:2300,0
DA:2302,0
DA:2305,0
DA:2306,0
DA:2327,28
DA:2329,28
DA:2334,224
DA:2342,224
DA:2345,224
DA:2347,224
DA:2348,448
DA:2350,224
DA:2351,224
DA:2352,224
DA:2353,224
DA:2354,224
DA:2356,224
DA:2357,224
DA:2358,0
DA:2359,0
DA:2362,224
DA:2363,448
DA:2364,224
DA:2369,224
DA:2372,224
DA:2373,224
DA:2377,64
DA:2380,64
DA:2381,64
DA:2382,64
DA:2383,64
DA:2387,224
DA:2389,224
DA:2390,224
DA:2391,224
DA:2395,140
DA:2402,140
DA:2403,140
DA:2404,140
DA:2406,140
DA:2407,140
DA:2411,140
DA:2420,140
DA:2422,2
DA:2424,2
DA:2428,0
DA:2433,138
DA:2435,0
DA:2439,138
DA:2440,138
DA:2443,140
DA:2447,0
DA:2449,0
DA:2450,0
DA:2451,0
DA:2453,0
DA:2454,0
DA:2458,0
DA:2460,0
DA:2462,0
DA:2463,0
DA:2465,0
DA:2467,0
DA:2468,0
DA:2470,0
DA:2472,0
DA:2475,0
DA:2476,0
DA:2477,0
DA:2478,0
DA:2480,0
DA:2483,0
DA:2511,28
DA:2513,28
DA:2515,56
DA:2516,28
DA:2519,28
DA:2521,28
DA:2522,28
DA:2523,28
DA:2525,28
DA:2527,168
DA:2529,140
DA:2531,0
DA:2532,0
DA:2533,0
DA:2535,140
DA:2537,140
DA:2539,140
DA:2544,0
DA:2545,0
DA:2546,0
DA:2552,0
DA:2557,0
DA:2564,140
DA:2566,140
DA:2568,280
DA:2570,140
DA:2571,140
DA:2573,140
DA:2575,0
DA:2577,0
DA:2578,0
DA:2581,0
DA:2584,140
DA:2586,140
DA:2589,140
DA:2591,0
DA:2593,0
DA:2595,0
DA:2597,0
DA:2598,0
DA:2599,0
DA:2600,0
DA:2604,0
DA:2606,140
DA:2608,0
DA:2610,0
DA:2612,0
DA:2614,0
DA:2616,0
DA:2619,0
DA:2620,0
DA:2621,0
DA:2624,0
DA:2627,0
DA:2630,0
DA:2634,0
DA:2639,0
DA:2641,0
DA:2645,140
DA:2646,140
DA:2648,476
DA:2650,448
DA:2651,448
DA:2653,448
DA:2655,448
DA:2656,224
DA:2657,64
DA:2661,224
DA:2665,28
DA:2667,0
DA:2669,0
DA:2670,0
DA:2672,0
DA:2676,0
DA:2677,0
DA:2678,0
DA:2682,28
DA:2684,140
DA:2685,28
DA:2686,28
DA:2690,28
DA:2692,476
DA:2694,448
DA:2695,448
DA:2696,448
DA:2697,1344
DA:2698,448
DA:2701,448
DA:2703,28
DA:2718,224
DA:2728,224
DA:2729,224
DA:2731,224
DA:2733,224
DA:2736,672
DA:2737,224
DA:2742,224
DA:2744,28
DA:2747,224
DA:2749,672
DA:2750,224
DA:2751,224
DA:2752,224
DA:2753,224
DA:2754,224
DA:2755,224
DA:2759,448
DA:2765,448
DA:2767,448
DA:2769,0
DA:2771,448
LF:545
LH:315
end_of_record
TN:
SF:/usr/local/include/toml.hpp
FNL:0,10297,10380
FNA:0,0,_ZN4toml2v34impl23print_integer_to_streamIjEEvRSoT_NS0_11value_flagsEm
FNL:1,10456,10459
FNA:1,0,_ZN4toml2v34impl15print_to_streamERSoPKcm
FNL:2,10462,10465
FNA:2,0,_ZN4toml2v34impl15print_to_streamERSoSt17basic_string_viewIcSt11char_traitsIcEE
FNL:3,10468,10471
FNA:3,0,_ZN4toml2v34impl15print_to_streamERSoRKNSt7__cxx1112basic_stringIcSt11char_traitsIcESaIcEEE
FNL:4,10525,10528
FNA:4,0,_ZN4toml2v34impl15print_to_streamERSojNS0_11value_flagsEm
FNL:5,10635,10641
FNA:5,0,_ZN4toml2v34impl15print_to_streamERSoRKNS0_15source_positionE
FNL:6,10644,10653
FNA:6,0,_ZN4toml2v34impl15print_to_streamERSoRKNS0_13source_regionE
FNL:7,10740,10740
FNA:7,156,_ZN4toml2v34nodeC2Ev
FNL:8,10743,10743
FNA:8,0,_ZN4toml2v34nodeD0Ev
FNA:8,196,_ZN4toml2v34nodeD2Ev
FNL:9,10746,10748
FNA:9,40,_ZN4toml2v34nodeC2EOS1_
FNL:10,11676,11681
FNA:10,0,_ZN4toml2v35arrayC2Ev
FNL:11,11684,11689
FNA:11,0,_ZN4toml2v35arrayD0Ev
FNA:11,0,_ZN4toml2v35arrayD2Ev
FNL:12,11787,11791
FNA:12,0,_ZN4toml2v35array14insert_at_backEOSt10unique_ptrINS0_4nodeESt14default_deleteIS3_EE
FNL:13,11801,11814
FNA:13,0,_ZNK4toml2v35array14is_homogeneousENS0_9node_typeE
FNL:14,11818,11836
FNA:14,0,_ZN4toml2v35array14is_homogeneousENS0_9node_typeERPNS0_4nodeE
FNL:15,11840,11846
FNA:15,0,_ZNK4toml2v35array14is_homogeneousENS0_9node_typeERPKNS0_4nodeE
FNL:16,11865,11868
FNA:16,0,_ZN4toml2v35array7reserveEm
FNL:17,12063,12068
FNA:17,37,_ZN4toml2v35tableC2Ev
FNL:18,12071,12076
FNA:18,17,_ZN4toml2v35tableD0Ev
FNA:18,77,_ZN4toml2v35tableD2Ev
FNL:19,12115,12123
FNA:19,40,_ZN4toml2v35tableC2EOS1_
FNL:20,12153,12169
FNA:20,0,_ZNK4toml2v35table14is_homogeneousENS0_9node_typeE
FNL:21,12173,12192
FNA:21,0,_ZN4toml2v35table14is_homogeneousENS0_9node_typeERPNS0_4nodeE
FNL:22,12196,12202
FNA:22,0,_ZNK4toml2v35table14is_homogeneousENS0_9node_typeERPKNS0_4nodeE
FNL:23,12206,12211
FNA:23,238,_ZN4toml2v35table3getESt17basic_string_viewIcSt11char_traitsIcEE
FNL:24,12239,12242
FNA:24,136,_ZN4toml2v35table15get_lower_boundESt17basic_string_viewIcSt11char_traitsIcEE
FNL:25,12259,12262
FNA:25,0,_ZN4toml2v35table5eraseESt23_Rb_tree_const_iteratorISt4pairIKNS0_3keyESt10unique_ptrINS0_4nodeESt14default_deleteIS7_EEEE
FNL:26,12324,12327
FNA:26,136,_ZN4toml2v35table16insert_with_hintENS0_4impl14table_iteratorILb1EEEONS0_3keyEOSt10unique_ptrINS0_4nodeESt14default_deleteIS8_EE
FNL:27,12417,12451
FNA:27,479,_ZN4toml2v34impl8is_asciiEPKcm
FNL:28,12511,12517
FNA:28,20,_ZN4toml2v34impl16utf8_byte_streamISt17basic_string_viewIcSt11char_traitsIcEEEC2ES6_
FNL:29,12545,12553
FNA:29,479,_ZN4toml2v34impl16utf8_byte_streamISt17basic_string_viewIcSt11char_traitsIcEEEclEPvm
FNL:30,12564,12578
FNA:30,0,_ZN4toml2v34impl16utf8_byte_streamISiEC2ERSi
FNL:31,12599,12602
FNA:31,0,_ZNK4toml2v34impl16utf8_byte_streamISiE8peek_eofEv
FNL:32,12606,12612
FNA:32,0,_ZN4toml2v34impl16utf8_byte_streamISiEclEPvm
FNL:33,12655,12655
FNA:33,0,_ZN4toml2v34impl21utf8_reader_interfaceD0Ev
FNA:33,20,_ZN4toml2v34impl21utf8_reader_interfaceD2Ev
FNL:34,12709,12862
FNA:34,0,_ZN4toml2v34impl11utf8_readerISiE15read_next_blockEv
FNA:34,479,_ZN4toml2v34impl11utf8_readerISt17basic_string_viewIcSt11char_traitsIcEEE15read_next_blockEv
FNL:35,12765,12765
FNA:35,0,_ZZN4toml2v34impl11utf8_readerISiE15read_next_blockEvENKUlvE_clEv
FNA:35,479,_ZZN4toml2v34impl11utf8_readerISt17basic_string_viewIcSt11char_traitsIcEEE15read_next_blockEvENKUlvE_clEv
FNL:36,12805,12805
FNA:36,0,_ZZN4toml2v34impl11utf8_readerISiE15read_next_blockEvENKUlvE0_clEv
FNA:36,0,_ZZN4toml2v34impl11utf8_readerISt17basic_string_viewIcSt11char_traitsIcEEE15read_next_blockEvENKUlvE0_clEv
FNL:37,12867,12878
FNA:37,0,_ZN4toml2v34impl11utf8_readerISiEC2IRSiNSt7__cxx1112basic_stringIcSt11char_traitsIcESaIcEEEEEOT_OT0_
FNA:37,20,_ZN4toml2v34impl11utf8_readerISt17basic_string_viewIcSt11char_traitsIcEEEC2IRS6_NSt7__cxx1112basic_stringIcS5_SaIcEEEEEOT_OT0_
FNL:38,12881,12884
FNA:38,0,_ZNK4toml2v34impl11utf8_readerISiE11source_pathB5cxx11Ev
FNA:38,156,_ZNK4toml2v34impl11utf8_readerISt17basic_string_viewIcSt11char_traitsIcEEE11source_pathB5cxx11Ev
FNL:39,12887,12903
FNA:39,0,_ZN4toml2v34impl11utf8_readerISiE9read_nextEv
FNA:39,15128,_ZN4toml2v34impl11utf8_readerISt17basic_string_viewIcSt11char_traitsIcEEE9read_nextEv
FNL:40,12906,12909
FNA:40,0,_ZNK4toml2v34impl11utf8_readerISiE8peek_eofEv
FNA:40,20,_ZNK4toml2v34impl11utf8_readerISt17basic_string_viewIcSt11char_traitsIcEEE8peek_eofEv
FNL:41,12914,12917
FNA:41,0,_ZN4toml2v34impl11utf8_readerISiE5errorEv
FNA:41,30953,_ZN4toml2v34impl11utf8_readerISt17basic_string_viewIcSt11char_traitsIcEEE5errorEv
FNL:42,12962,12964
FNA:42,20,_ZN4toml2v34impl20utf8_buffered_readerC2ERNS1_21utf8_reader_interfaceE
FNL:43,12973,13009
FNA:43,15417,_ZN4toml2v34impl20utf8_buffered_reader9read_nextEv
FNL:44,13012,13024
FNA:44,119,_ZN4toml2v34impl20utf8_buffered_reader9step_backEm
FNL:45,13027,13030
FNA:45,20,_ZNK4toml2v34impl20utf8_buffered_reader8peek_eofEv
FNL:46,13035,13038
FNA:46,15417,_ZN4toml2v34impl20utf8_buffered_reader5errorEv
FNL:47,13056,13060
FNA:47,0,_ZN4toml2v34impl8is_matchIJDiDiDiDiDiDiEEEbDiDpT_
FNA:47,34,_ZN4toml2v34impl8is_matchIJDiDiDiDiDiEEEbDiDpT_
FNA:47,0,_ZN4toml2v34impl8is_matchIJDiDiDiDiEEEbDiDpT_
FNA:47,34,_ZN4toml2v34impl8is_matchIJDiDiDiEEEbDiDpT_
FNA:47,10858,_ZN4toml2v34impl8is_matchIJDiDiEEEbDiDpT_
FNL:48,13109,13112
FNA:48,0,_ZN4toml2v34impl5to_svENS0_9node_typeE
FNL:49,13116,13119
FNA:49,0,_ZN4toml2v34impl5to_svERKNSt7__cxx1112basic_stringIcSt11char_traitsIcESaIcEEE
FNL:50,13123,13128
FNA:50,0,_ZN4toml2v34impl5to_svEb
FNL:51,13132,13140
FNA:51,0,_ZN4toml2v34impl5to_svERKNS1_14utf8_codepointE
FNL:52,13144,13149
FNA:52,0,_ZN4toml2v34impl5to_svEPKNS1_14utf8_codepointE
FNL:53,13159,13243
FNA:53,0,_ZN4toml2v34impl11concatenateINS1_17escaped_codepointEEEvRPcS4_RKT_
FNA:53,0,_ZN4toml2v34impl11concatenateISt17basic_string_viewIcSt11char_traitsIcEEEEvRPcS7_RKT_
FNA:53,0,_ZN4toml2v34impl11concatenateIiEEvRPcS3_RKT_
FNA:53,0,_ZN4toml2v34impl11concatenateIjEEvRPcS3_RKT_
FNA:53,0,_ZN4toml2v34impl11concatenateIlEEvRPcS3_RKT_
FNA:53,0,_ZN4toml2v34impl11concatenateImEEvRPcS3_RKT_
FNL:54,13253,13258
FNA:54,0,_ZN4toml2v34impl13error_builderC2ESt17basic_string_viewIcSt11char_traitsIcEE
FNL:55,13261,13264
FNA:55,0,_ZN4toml2v34impl13error_builder6appendINS1_17escaped_codepointEEEvRKT_
FNA:55,0,_ZN4toml2v34impl13error_builder6appendISt17basic_string_viewIcSt11char_traitsIcEEEEvRKT_
FNA:55,0,_ZN4toml2v34impl13error_builder6appendIiEEvRKT_
FNA:55,0,_ZN4toml2v34impl13error_builder6appendIjEEvRKT_
FNA:55,0,_ZN4toml2v34impl13error_builder6appendImEEvRKT_
FNL:56,13267,13276
FNA:56,0,_ZNK4toml2v34impl13error_builder6finishERKNS0_15source_positionERKSt10shared_ptrIKNSt7__cxx1112basic_stringIcSt11char_traitsIcESaIcEEEE
FNL:57,13287,13292
FNA:57,890,_ZN4toml2v34impl11parse_scopeC2ERSt17basic_string_viewIcSt11char_traitsIcEES6_
FNL:58,13294,13297
FNA:58,890,_ZN4toml2v34impl11parse_scopeD2Ev
FNL:59,13312,13318
FNA:59,136,_ZN4toml2v34impl16parse_key_buffer5clearEv
FNL:60,13320,13326
FNA:60,136,_ZN4toml2v34impl16parse_key_buffer9push_backESt17basic_string_viewIcSt11char_traitsIcEENS0_15source_positionES7_
FNL:61,13358,13362
FNA:61,119,_ZN4toml2v34impl19depth_counter_scopeC2ERm
FNL:62,13364,13367
FNA:62,119,_ZN4toml2v34impl19depth_counter_scopeD2Ev
FNL:63,13383,13387
FNA:63,0,_ZN4toml2v34impl18table_vector_scopeC2ERSt6vectorIPNS0_5tableESaIS5_EERS4_
FNL:64,13389,13392
FNA:64,0,_ZN4toml2v34impl18table_vector_scopeD2Ev
FNL:65,13532,13537
FNA:65,428,_ZNK4toml2v34impl9impl_noex6parser16current_positionEj
FNL:66,13542,13557
FNA:66,0,_ZNK4toml2v34impl9impl_noex6parser12set_error_atIJSt17basic_string_viewIcSt11char_traitsIcEEEEEvNS0_15source_positionEDpRKT_
FNA:66,0,_ZNK4toml2v34impl9impl_noex6parser12set_error_atIJSt17basic_string_viewIcSt11char_traitsIcEENS1_17escaped_codepointES8_EEEvNS0_15source_positionEDpRKT_
FNA:66,0,_ZNK4toml2v34impl9impl_noex6parser12set_error_atIJSt17basic_string_viewIcSt11char_traitsIcEES8_S8_EEEvNS0_15source_positionEDpRKT_
FNA:66,0,_ZNK4toml2v34impl9impl_noex6parser12set_error_atIJSt17basic_string_viewIcSt11char_traitsIcEES8_S8_S8_EEEvNS0_15source_positionEDpRKT_
FNA:66,0,_ZNK4toml2v34impl9impl_noex6parser12set_error_atIJSt17basic_string_viewIcSt11char_traitsIcEES8_S8_S8_S8_EEEvNS0_15source_positionEDpRKT_
FNA:66,0,_ZNK4toml2v34impl9impl_noex6parser12set_error_atIJSt17basic_string_viewIcSt11char_traitsIcEES8_S8_S8_S8_S8_EEEvNS0_15source_positionEDpRKT_
FNA:66,0,_ZNK4toml2v34impl9impl_noex6parser12set_error_atIJSt17basic_string_viewIcSt11char_traitsIcEEiEEEvNS0_15source_positionEDpRKT_
FNA:66,0,_ZNK4toml2v34impl9impl_noex6parser12set_error_atIJSt17basic_string_viewIcSt11char_traitsIcEEjEEEvNS0_15source_positionEDpRKT_
FNA:66,0,_ZNK4toml2v34impl9impl_noex6parser12set_error_atIJSt17basic_string_viewIcSt11char_traitsIcEEjS8_jEEEvNS0_15source_positionEDpRKT_
FNA:66,0,_ZNK4toml2v34impl9impl_noex6parser12set_error_atIJSt17basic_string_viewIcSt11char_traitsIcEEmEEEvNS0_15source_positionEDpRKT_
FNA:66,0,_ZNK4toml2v34impl9impl_noex6parser12set_error_atIJSt17basic_string_viewIcSt11char_traitsIcEEmS8_EEEvNS0_15source_positionEDpRKT_
FNA:66,0,_ZNK4toml2v34impl9impl_noex6parser12set_error_atIJSt17basic_string_viewIcSt11char_traitsIcEEmS8_S8_EEEvNS0_15source_positionEDpRKT_
FNL:67,13561,13564
FNA:67,0,_ZNK4toml2v34impl9impl_noex6parser9set_errorIJSt17basic_string_viewIcSt11char_traitsIcEEEEEvDpRKT_
FNA:67,0,_ZNK4toml2v34impl9impl_noex6parser9set_errorIJSt17basic_string_viewIcSt11char_traitsIcEENS1_17escaped_codepointES8_EEEvDpRKT_
FNA:67,0,_ZNK4toml2v34impl9impl_noex6parser9set_errorIJSt17basic_string_viewIcSt11char_traitsIcEES8_S8_EEEvDpRKT_
FNA:67,0,_ZNK4toml2v34impl9impl_noex6parser9set_errorIJSt17basic_string_viewIcSt11char_traitsIcEES8_S8_S8_EEEvDpRKT_
FNA:67,0,_ZNK4toml2v34impl9impl_noex6parser9set_errorIJSt17basic_string_viewIcSt11char_traitsIcEES8_S8_S8_S8_EEEvDpRKT_
FNA:67,0,_ZNK4toml2v34impl9impl_noex6parser9set_errorIJSt17basic_string_viewIcSt11char_traitsIcEES8_S8_S8_S8_S8_EEEvDpRKT_
FNA:67,0,_ZNK4toml2v34impl9impl_noex6parser9set_errorIJSt17basic_string_viewIcSt11char_traitsIcEEiEEEvDpRKT_
FNA:67,0,_ZNK4toml2v34impl9impl_noex6parser9set_errorIJSt17basic_string_viewIcSt11char_traitsIcEEjEEEvDpRKT_
FNA:67,0,_ZNK4toml2v34impl9impl_noex6parser9set_errorIJSt17basic_string_viewIcSt11char_traitsIcEEjS8_jEEEvDpRKT_
FNA:67,0,_ZNK4toml2v34impl9impl_noex6parser9set_errorIJSt17basic_string_viewIcSt11char_traitsIcEEmEEEvDpRKT_
FNA:67,0,_ZNK4toml2v34impl9impl_noex6parser9set_errorIJSt17basic_string_viewIcSt11char_traitsIcEEmS8_EEEvDpRKT_
FNA:67,0,_ZNK4toml2v34impl9impl_noex6parser9set_errorIJSt17basic_string_viewIcSt11char_traitsIcEEmS8_S8_EEEvDpRKT_
FNL:68,13566,13573
FNA:68,119,_ZN4toml2v34impl9impl_noex6parser7go_backEm
FNL:69,13575,13596
FNA:69,15397,_ZN4toml2v34impl9impl_noex6parser7advanceEv
FNL:70,13598,13607
FNA:70,136,_ZN4toml2v34impl9impl_noex6parser15start_recordingEb
FNL:71,13609,13625
FNA:71,136,_ZN4toml2v34impl9impl_noex6parser14stop_recordingEm
FNL:72,13627,13641
FNA:72,1023,_ZN4toml2v34impl9impl_noex6parser26consume_leading_whitespaceEv
FNL:73,13643,13668
FNA:73,10620,_ZN4toml2v34impl9impl_noex6parser18consume_line_breakEv
FNL:74,13687,13721
FNA:74,462,_ZN4toml2v34impl9impl_noex6parser15consume_commentEv
FNL:75,13724,13737
FNA:75,0,_ZN4toml2v34impl9impl_noex6parser25consume_expected_sequenceESt17basic_string_viewIDiSt11char_traitsIDiEE
FNL:76,13741,13757
FNA:76,0,_ZN4toml2v34impl9impl_noex6parser22consume_digit_sequenceIiEEbPT_m
FNA:76,0,_ZN4toml2v34impl9impl_noex6parser22consume_digit_sequenceIjEEbPT_m
FNL:77,13761,13777
FNA:77,0,_ZN4toml2v34impl9impl_noex6parser38consume_variable_length_digit_sequenceIjEEmPT_m
FNL:78,13781,14019
FNA:78,68,_ZN4toml2v34impl9impl_noex6parser18parse_basic_stringEb
FNL:79,14023,14122
FNA:79,0,_ZN4toml2v34impl9impl_noex6parser20parse_literal_stringEb
FNL:80,14126,14166
FNA:80,68,_ZN4toml2v34impl9impl_noex6parser12parse_stringEv
FNL:81,14170,14188
FNA:81,136,_ZN4toml2v34impl9impl_noex6parser22parse_bare_key_segmentEv
FNL:82,14192,14213
FNA:82,0,_ZN4toml2v34impl9impl_noex6parser13parse_booleanEv
FNL:83,14217,14243
FNA:83,0,_ZN4toml2v34impl9impl_noex6parser16parse_inf_or_nanEv
FNL:84,14247,14400
FNA:84,34,_ZN4toml2v34impl9impl_noex6parser11parse_floatEv
FNL:85,14404,14576
FNA:85,0,_ZN4toml2v34impl9impl_noex6parser15parse_hex_floatEv
FNL:86,14581,14728
FNA:86,0,_ZN4toml2v34impl9impl_noex6parser13parse_integerILm10EEElv
FNA:86,0,_ZN4toml2v34impl9impl_noex6parser13parse_integerILm16EEElv
FNA:86,0,_ZN4toml2v34impl9impl_noex6parser13parse_integerILm2EEElv
FNA:86,0,_ZN4toml2v34impl9impl_noex6parser13parse_integerILm8EEElv
FNL:87,14732,14782
FNA:87,0,_ZN4toml2v34impl9impl_noex6parser10parse_dateEb
FNL:88,14786,14870
FNA:88,0,_ZN4toml2v34impl9impl_noex6parser10parse_timeEb
FNL:89,14874,14939
FNA:89,0,_ZN4toml2v34impl9impl_noex6parser15parse_date_timeEv
FNL:90,14948,14987
FNA:90,119,_ZN4toml2v34impl9impl_noex6parser26parse_value_known_prefixesEv
FNL:91,14990,15474
FNA:91,119,_ZN4toml2v34impl9impl_noex6parser11parse_valueEv
FNL:92,15055,15055
FNA:92,119,_ZZN4toml2v34impl9impl_noex6parser11parse_valueEvENKUlT_E_clIZNS3_11parse_valueEvE12value_traitsEEDaS4_
FNA:92,34,_ZZN4toml2v34impl9impl_noex6parser11parse_valueEvENKUlT_E_clIiEEDaS4_
FNL:93,15056,15056
FNA:93,0,_ZZN4toml2v34impl9impl_noex6parser11parse_valueEvENKUlT_E0_clIiEEDaS4_
FNL:94,15057,15057
FNA:94,238,_ZZN4toml2v34impl9impl_noex6parser11parse_valueEvENKUlT_E1_clIZNS3_11parse_valueEvE12value_traitsEEDaS4_
FNL:95,15076,15146
FNA:95,51,_ZZN4toml2v34impl9impl_noex6parser11parse_valueEvENKUlvE_clEv
FNL:96,15163,15169
FNA:96,0,_ZZN4toml2v34impl9impl_noex6parser11parse_valueEvENKUlvE0_clEv
FNL:97,15477,15544
FNA:97,136,_ZN4toml2v34impl9impl_noex6parser9parse_keyEv
FNL:98,15547,15555
FNA:98,136,_ZNK4toml2v34impl9impl_noex6parser8make_keyEm
FNL:99,15559,15781
FNA:99,17,_ZN4toml2v34impl9impl_noex6parser18parse_table_headerEv
FNL:100,15784,15881
FNA:100,119,_ZN4toml2v34impl9impl_noex6parser31parse_key_value_pair_and_insertEPNS0_5tableE
FNL:101,15883,15931
FNA:101,20,_ZN4toml2v34impl9impl_noex6parser14parse_documentEv
FNL:102,15933,15967
FNA:102,156,_ZN4toml2v34impl9impl_noex6parser18update_region_endsERNS0_4nodeE
FNL:103,15970,15992
FNA:103,20,_ZN4toml2v34impl9impl_noex6parserC2EONS1_21utf8_reader_interfaceE
FNL:104,15995,16009
FNA:104,20,_ZNO4toml2v34impl9impl_noex6parsercvNS0_4noex12parse_resultEEv
FNL:105,16013,16079
FNA:105,0,_ZN4toml2v34impl9impl_noex6parser11parse_arrayEv
FNL:106,16082,16164
FNA:106,0,_ZN4toml2v34impl9impl_noex6parser18parse_inline_tableEv
FNL:107,1611,1611
FNA:107,0,_ZN4toml2v3aNERNS0_11value_flagsES1_
FNL:108,16197,16200
FNA:108,20,_ZN4toml2v34impl8do_parseEONS1_21utf8_reader_interfaceE
FNL:109,16204,16255
FNA:109,20,_ZN4toml2v34impl13do_parse_fileESt17basic_string_viewIcSt11char_traitsIcEE
FNL:110,16270,16273
FNA:110,20,_ZN4toml2v34noex5parseESt17basic_string_viewIcSt11char_traitsIcEEONSt7__cxx1112basic_stringIcS4_SaIcEEE
FNL:111,16282,16285
FNA:111,0,_ZN4toml2v34noex5parseERSiONSt7__cxx1112basic_stringIcSt11char_traitsIcESaIcEEE
FNL:112,16288,16291
FNA:112,20,_ZN4toml2v34noex10parse_fileESt17basic_string_viewIcSt11char_traitsIcEE
FNL:113,2301,2316
FNA:113,34,_ZN4toml2v34impl10fpclassifyERKd
FNL:114,2324,2331
FNA:114,0,_ZN4toml2v34impl4findIN9__gnu_cxx17__normal_iteratorIPPNS0_5arrayESt6vectorIS6_SaIS6_EEEES6_EEDTaddefp_ET_SD_RKT0_
FNA:114,0,_ZN4toml2v34impl4findIN9__gnu_cxx17__normal_iteratorIPPNS0_5tableESt6vectorIS6_SaIS6_EEEES6_EEDTaddefp_ET_SD_RKT0_
FNL:115,2539,2542
FNA:115,306,_ZN4toml2v315source_position4packERKS1_
FNL:116,2547,2550
FNA:116,136,_ZN4toml2v3ltERKNS0_15source_positionES3_
FNL:117,2553,2556
FNA:117,17,_ZN4toml2v3leERKNS0_15source_positionES3_
FNL:118,2597,2601
FNA:118,0,_ZN4toml2v3lsERSoRKNS0_13source_regionE
FNL:119,2643,2647
FNA:119,0,_ZN4toml2v34dateC2IjjjLi0EEET_T0_T1_
FNL:120,2724,2729
FNA:120,0,_ZN4toml2v34timeC2IjjhjLi0EEET_T0_T1_T2_
FNL:121,2857,2857
FNA:121,0,_ZN4toml2v36stdopt9date_timeC2Ev
FNL:122,2860,2864
FNA:122,0,_ZN4toml2v36stdopt9date_timeC2ERKNS0_4dateERKNS0_4timeE
FNL:123,2881,2885
FNA:123,0,_ZN4toml2v36stdopt9date_timeC2ERKNS0_4dateERKNS0_4timeERKNS0_11time_offsetE
FNL:124,4261,4261
FNA:124,0,_ZN4toml2v39node_viewIKNS0_4nodeEEC2Ev
FNL:125,4264,4266
FNA:125,238,_ZN4toml2v39node_viewIKNS0_4nodeEEC2EPS3_
FNL:126,4406,4409
FNA:126,119,_ZNK4toml2v39node_viewIKNS0_4nodeEE2asINS0_5tableEEEPDav
FNL:127,4412,4415
FNA:127,119,_ZNK4toml2v39node_viewIKNS0_4nodeEE8as_tableEv
FNL:128,4485,4521
FNA:128,68,_ZNK4toml2v39node_viewIKNS0_4nodeEE8value_orIRNSt7__cxx1112basic_stringIcSt11char_traitsIcESaIcEEEEEDaOT_
FNA:128,34,_ZNK4toml2v39node_viewIKNS0_4nodeEE8value_orIRfEEDaOT_
FNA:128,17,_ZNK4toml2v39node_viewIKNS0_4nodeEE8value_orIRiEEDaOT_
FNL:129,4642,4647
FNA:129,119,_ZNK4toml2v39node_viewIKNS0_4nodeEEixESt17basic_string_viewIcSt11char_traitsIcEE
FNL:130,4823,4829
FNA:130,68,_ZN4toml2v34impl18native_value_makerINSt7__cxx1112basic_stringIcSt11char_traitsIcESaIcEEEJSt17basic_string_viewIcS6_EEE4makeIJSA_EEES8_DpOT_
FNA:130,0,_ZN4toml2v34impl18native_value_makerIlJxEE4makeIJxEEElDpOT_
FNL:131,4908,4934
FNA:131,17,_ZN4toml2v34impl17node_integer_castIiEESt8optionalIT_El
FNL:132,4985,4992
FNA:132,0,_ZN4toml2v35valueINS0_4dateEEC2IJS2_ELi0EEEDpOT_
FNA:132,0,_ZN4toml2v35valueINS0_4timeEEC2IJS2_ELi0EEEDpOT_
FNA:132,0,_ZN4toml2v35valueINS0_6stdopt9date_timeEEC2IJS3_ELi0EEEDpOT_
FNA:132,68,_ZN4toml2v35valueINSt7__cxx1112basic_stringIcSt11char_traitsIcESaIcEEEEC2IJSt17basic_string_viewIcS5_EELi0EEEDpOT_
FNA:132,0,_ZN4toml2v35valueIbEC2IJbELi0EEEDpOT_
FNA:132,34,_ZN4toml2v35valueIdEC2IJdELi0EEEDpOT_
FNA:132,0,_ZN4toml2v35valueIlEC2IJRlELi0EEEDpOT_
FNA:132,17,_ZN4toml2v35valueIlEC2IJlELi0EEEDpOT_
FNA:132,0,_ZN4toml2v35valueIlEC2IJxELi0EEEDpOT_
FNL:133,5066,5069
FNA:133,0,_ZNK4toml2v35valueINS0_4dateEE4typeEv
FNA:133,0,_ZNK4toml2v35valueINS0_4timeEE4typeEv
FNA:133,0,_ZNK4toml2v35valueINS0_6stdopt9date_timeEE4typeEv
FNA:133,136,_ZNK4toml2v35valueINSt7__cxx1112basic_stringIcSt11char_traitsIcESaIcEEEE4typeEv
FNA:133,0,_ZNK4toml2v35valueIbE4typeEv
FNA:133,68,_ZNK4toml2v35valueIdE4typeEv
FNA:133,34,_ZNK4toml2v35valueIlE4typeEv
FNL:134,5072,5075
FNA:134,0,_ZNK4toml2v35valueINS0_4dateEE14is_homogeneousENS0_9node_typeE
FNA:134,0,_ZNK4toml2v35valueINS0_4timeEE14is_homogeneousENS0_9node_typeE
FNA:134,0,_ZNK4toml2v35valueINS0_6stdopt9date_timeEE14is_homogeneousENS0_9node_typeE
FNA:134,0,_ZNK4toml2v35valueINSt7__cxx1112basic_stringIcSt11char_traitsIcESaIcEEEE14is_homogeneousENS0_9node_typeE
FNA:134,0,_ZNK4toml2v35valueIbE14is_homogeneousENS0_9node_typeE
FNA:134,0,_ZNK4toml2v35valueIdE14is_homogeneousENS0_9node_typeE
FNA:134,0,_ZNK4toml2v35valueIlE14is_homogeneousENS0_9node_typeE
FNL:135,5078,5086
FNA:135,0,_ZN4toml2v35valueINS0_4dateEE14is_homogeneousENS0_9node_typeERPNS0_4nodeE
FNA:135,0,_ZN4toml2v35valueINS0_4timeEE14is_homogeneousENS0_9node_typeERPNS0_4nodeE
FNA:135,0,_ZN4toml2v35valueINS0_6stdopt9date_timeEE14is_homogeneousENS0_9node_typeERPNS0_4nodeE
FNA:135,0,_ZN4toml2v35valueINSt7__cxx1112basic_stringIcSt11char_traitsIcESaIcEEEE14is_homogeneousENS0_9node_typeERPNS0_4nodeE
FNA:135,0,_ZN4toml2v35valueIbE14is_homogeneousENS0_9node_typeERPNS0_4nodeE
FNA:135,0,_ZN4toml2v35valueIdE14is_homogeneousENS0_9node_typeERPNS0_4nodeE
FNA:135,0,_ZN4toml2v35valueIlE14is_homogeneousENS0_9node_typeERPNS0_4nodeE
FNL:136,5089,5097
FNA:136,0,_ZNK4toml2v35valueINS0_4dateEE14is_homogeneousENS0_9node_typeERPKNS0_4nodeE
FNA:136,0,_ZNK4toml2v35valueINS0_4timeEE14is_homogeneousENS0_9node_typeERPKNS0_4nodeE
FNA:136,0,_ZNK4toml2v35valueINS0_6stdopt9date_timeEE14is_homogeneousENS0_9node_typeERPKNS0_4nodeE
FNA:136,0,_ZNK4toml2v35valueINSt7__cxx1112basic_stringIcSt11char_traitsIcESaIcEEEE14is_homogeneousENS0_9node_typeERPKNS0_4nodeE
FNA:136,0,_ZNK4toml2v35valueIbE14is_homogeneousENS0_9node_typeERPKNS0_4nodeE
FNA:136,0,_ZNK4toml2v35valueIdE14is_homogeneousENS0_9node_typeERPKNS0_4nodeE
FNA:136,0,_ZNK4toml2v35valueIlE14is_homogeneousENS0_9node_typeERPKNS0_4nodeE
FNL:137,5114,5117
FNA:137,0,_ZNK4toml2v35valueINS0_4dateEE8is_tableEv
FNA:137,0,_ZNK4toml2v35valueINS0_4timeEE8is_tableEv
FNA:137,0,_ZNK4toml2v35valueINS0_6stdopt9date_timeEE8is_tableEv
FNA:137,0,_ZNK4toml2v35valueINSt7__cxx1112basic_stringIcSt11char_traitsIcESaIcEEEE8is_tableEv
FNA:137,0,_ZNK4toml2v35valueIbE8is_tableEv
FNA:137,0,_ZNK4toml2v35valueIdE8is_tableEv
FNA:137,0,_ZNK4toml2v35valueIlE8is_tableEv
FNL:138,5120,5123
FNA:138,0,_ZNK4toml2v35valueINS0_4dateEE8is_arrayEv
FNA:138,0,_ZNK4toml2v35valueINS0_4timeEE8is_arrayEv
FNA:138,0,_ZNK4toml2v35valueINS0_6stdopt9date_timeEE8is_arrayEv
FNA:138,0,_ZNK4toml2v35valueINSt7__cxx1112basic_stringIcSt11char_traitsIcESaIcEEEE8is_arrayEv
FNA:138,0,_ZNK4toml2v35valueIbE8is_arrayEv
FNA:138,0,_ZNK4toml2v35valueIdE8is_arrayEv
FNA:138,0,_ZNK4toml2v35valueIlE8is_arrayEv
FNL:139,5126,5129
FNA:139,0,_ZNK4toml2v35valueINS0_4dateEE18is_array_of_tablesEv
FNA:139,0,_ZNK4toml2v35valueINS0_4timeEE18is_array_of_tablesEv
FNA:139,0,_ZNK4toml2v35valueINS0_6stdopt9date_timeEE18is_array_of_tablesEv
FNA:139,0,_ZNK4toml2v35valueINSt7__cxx1112basic_stringIcSt11char_traitsIcESaIcEEEE18is_array_of_tablesEv
FNA:139,0,_ZNK4toml2v35valueIbE18is_array_of_tablesEv
FNA:139,0,_ZNK4toml2v35valueIdE18is_array_of_tablesEv
FNA:139,0,_ZNK4toml2v35valueIlE18is_array_of_tablesEv
FNL:140,5132,5135
FNA:140,0,_ZNK4toml2v35valueINS0_4dateEE8is_valueEv
FNA:140,0,_ZNK4toml2v35valueINS0_4timeEE8is_valueEv
FNA:140,0,_ZNK4toml2v35valueINS0_6stdopt9date_timeEE8is_valueEv
FNA:140,0,_ZNK4toml2v35valueINSt7__cxx1112basic_stringIcSt11char_traitsIcESaIcEEEE8is_valueEv
FNA:140,0,_ZNK4toml2v35valueIbE8is_valueEv
FNA:140,0,_ZNK4toml2v35valueIdE8is_valueEv
FNA:140,0,_ZNK4toml2v35valueIlE8is_valueEv
FNL:141,5138,5141
FNA:141,0,_ZNK4toml2v35valueINS0_4dateEE9is_stringEv
FNA:141,0,_ZNK4toml2v35valueINS0_4timeEE9is_stringEv
FNA:141,0,_ZNK4toml2v35valueINS0_6stdopt9date_timeEE9is_stringEv
FNA:141,0,_ZNK4toml2v35valueINSt7__cxx1112basic_stringIcSt11char_traitsIcESaIcEEEE9is_stringEv
FNA:141,0,_ZNK4toml2v35valueIbE9is_stringEv
FNA:141,0,_ZNK4toml2v35valueIdE9is_stringEv
FNA:141,0,_ZNK4toml2v35valueIlE9is_stringEv
FNL:142,5144,5147
FNA:142,0,_ZNK4toml2v35valueINS0_4dateEE10is_integerEv
FNA:142,0,_ZNK4toml2v35valueINS0_4timeEE10is_integerEv
FNA:142,0,_ZNK4toml2v35valueINS0_6stdopt9date_timeEE10is_integerEv
FNA:142,0,_ZNK4toml2v35valueINSt7__cxx1112basic_stringIcSt11char_traitsIcESaIcEEEE10is_integerEv
FNA:142,0,_ZNK4toml2v35valueIbE10is_integerEv
FNA:142,0,_ZNK4toml2v35valueIdE10is_integerEv
FNA:142,0,_ZNK4toml2v35valueIlE10is_integerEv
FNL:143,5150,5153
FNA:143,0,_ZNK4toml2v35valueINS0_4dateEE17is_floating_pointEv
FNA:143,0,_ZNK4toml2v35valueINS0_4timeEE17is_floating_pointEv
FNA:143,0,_ZNK4toml2v35valueINS0_6stdopt9date_timeEE17is_floating_pointEv
FNA:143,0,_ZNK4toml2v35valueINSt7__cxx1112basic_stringIcSt11char_traitsIcESaIcEEEE17is_floating_pointEv
FNA:143,0,_ZNK4toml2v35valueIbE17is_floating_pointEv
FNA:143,0,_ZNK4toml2v35valueIdE17is_floating_pointEv
FNA:143,0,_ZNK4toml2v35valueIlE17is_floating_pointEv
FNL:144,5156,5159
FNA:144,0,_ZNK4toml2v35valueINS0_4dateEE9is_numberEv
FNA:144,0,_ZNK4toml2v35valueINS0_4timeEE9is_numberEv
FNA:144,0,_ZNK4toml2v35valueINS0_6stdopt9date_timeEE9is_numberEv
FNA:144,0,_ZNK4toml2v35valueINSt7__cxx1112basic_stringIcSt11char_traitsIcESaIcEEEE9is_numberEv
FNA:144,0,_ZNK4toml2v35valueIbE9is_numberEv
FNA:144,0,_ZNK4toml2v35valueIdE9is_numberEv
FNA:144,0,_ZNK4toml2v35valueIlE9is_numberEv
FNL:145,5162,5165
FNA:145,0,_ZNK4toml2v35valueINS0_4dateEE10is_booleanEv
FNA:145,0,_ZNK4toml2v35valueINS0_4timeEE10is_booleanEv
FNA:145,0,_ZNK4toml2v35valueINS0_6stdopt9date_timeEE10is_booleanEv
FNA:145,0,_ZNK4toml2v35valueINSt7__cxx1112basic_stringIcSt11char_traitsIcESaIcEEEE10is_booleanEv
FNA:145,0,_ZNK4toml2v35valueIbE10is_booleanEv
FNA:145,0,_ZNK4toml2v35valueIdE10is_booleanEv
FNA:145,0,_ZNK4toml2v35valueIlE10is_booleanEv
FNL:146,5168,5171
FNA:146,0,_ZNK4toml2v35valueINS0_4dateEE7is_dateEv
FNA:146,0,_ZNK4toml2v35valueINS0_4timeEE7is_dateEv
FNA:146,0,_ZNK4toml2v35valueINS0_6stdopt9date_timeEE7is_dateEv
FNA:146,0,_ZNK4toml2v35valueINSt7__cxx1112basic_stringIcSt11char_traitsIcESaIcEEEE7is_dateEv
FNA:146,0,_ZNK4toml2v35valueIbE7is_dateEv
FNA:146,0,_ZNK4toml2v35valueIdE7is_dateEv
FNA:146,0,_ZNK4toml2v35valueIlE7is_dateEv
FNL:147,5174,5177
FNA:147,0,_ZNK4toml2v35valueINS0_4dateEE7is_timeEv
FNA:147,0,_ZNK4toml2v35valueINS0_4timeEE7is_timeEv
FNA:147,0,_ZNK4toml2v35valueINS0_6stdopt9date_timeEE7is_timeEv
FNA:147,0,_ZNK4toml2v35valueINSt7__cxx1112basic_stringIcSt11char_traitsIcESaIcEEEE7is_timeEv
FNA:147,0,_ZNK4toml2v35valueIbE7is_timeEv
FNA:147,0,_ZNK4toml2v35valueIdE7is_timeEv
FNA:147,0,_ZNK4toml2v35valueIlE7is_timeEv
FNL:148,5180,5183
FNA:148,0,_ZNK4toml2v35valueINS0_4dateEE12is_date_timeEv
FNA:148,0,_ZNK4toml2v35valueINS0_4timeEE12is_date_timeEv
FNA:148,0,_ZNK4toml2v35valueINS0_6stdopt9date_timeEE12is_date_timeEv
FNA:148,0,_ZNK4toml2v35valueINSt7__cxx1112basic_stringIcSt11char_traitsIcESaIcEEEE12is_date_timeEv
FNA:148,0,_ZNK4toml2v35valueIbE12is_date_timeEv
FNA:148,0,_ZNK4toml2v35valueIdE12is_date_timeEv
FNA:148,0,_ZNK4toml2v35valueIlE12is_date_timeEv
FNL:149,5186,5189
FNA:149,0,_ZN4toml2v35valueINS0_4dateEE8as_tableEv
FNA:149,0,_ZN4toml2v35valueINS0_4timeEE8as_tableEv
FNA:149,0,_ZN4toml2v35valueINS0_6stdopt9date_timeEE8as_tableEv
FNA:149,0,_ZN4toml2v35valueINSt7__cxx1112basic_stringIcSt11char_traitsIcESaIcEEEE8as_tableEv
FNA:149,0,_ZN4toml2v35valueIbE8as_tableEv
FNA:149,0,_ZN4toml2v35valueIdE8as_tableEv
FNA:149,0,_ZN4toml2v35valueIlE8as_tableEv
FNL:150,5192,5195
FNA:150,0,_ZN4toml2v35valueINS0_4dateEE8as_arrayEv
FNA:150,0,_ZN4toml2v35valueINS0_4timeEE8as_arrayEv
FNA:150,0,_ZN4toml2v35valueINS0_6stdopt9date_timeEE8as_arrayEv
FNA:150,0,_ZN4toml2v35valueINSt7__cxx1112basic_stringIcSt11char_traitsIcESaIcEEEE8as_arrayEv
FNA:150,0,_ZN4toml2v35valueIbE8as_arrayEv
FNA:150,0,_ZN4toml2v35valueIdE8as_arrayEv
FNA:150,0,_ZN4toml2v35valueIlE8as_arrayEv
FNL:151,5198,5201
FNA:151,0,_ZN4toml2v35valueINS0_4dateEE9as_stringB5cxx11Ev
FNA:151,0,_ZN4toml2v35valueINS0_4timeEE9as_stringB5cxx11Ev
FNA:151,0,_ZN4toml2v35valueINS0_6stdopt9date_timeEE9as_stringB5cxx11Ev
FNA:151,0,_ZN4toml2v35valueINSt7__cxx1112basic_stringIcSt11char_traitsIcESaIcEEEE9as_stringEv
FNA:151,0,_ZN4toml2v35valueIbE9as_stringB5cxx11Ev
FNA:151,0,_ZN4toml2v35valueIdE9as_stringB5cxx11Ev
FNA:151,0,_ZN4toml2v35valueIlE9as_stringB5cxx11Ev
FNL:152,5204,5207
FNA:152,0,_ZN4toml2v35valueINS0_4dateEE10as_integerEv
FNA:152,0,_ZN4toml2v35valueINS0_4timeEE10as_integerEv
FNA:152,0,_ZN4toml2v35valueINS0_6stdopt9date_timeEE10as_integerEv
FNA:152,0,_ZN4toml2v35valueINSt7__cxx1112basic_stringIcSt11char_traitsIcESaIcEEEE10as_integerEv
FNA:152,0,_ZN4toml2v35valueIbE10as_integerEv
FNA:152,0,_ZN4toml2v35valueIdE10as_integerEv
FNA:152,0,_ZN4toml2v35valueIlE10as_integerEv
FNL:153,5210,5213
FNA:153,0,_ZN4toml2v35valueINS0_4dateEE17as_floating_pointEv
FNA:153,0,_ZN4toml2v35valueINS0_4timeEE17as_floating_pointEv
FNA:153,0,_ZN4toml2v35valueINS0_6stdopt9date_timeEE17as_floating_pointEv
FNA:153,0,_ZN4toml2v35valueINSt7__cxx1112basic_stringIcSt11char_traitsIcESaIcEEEE17as_floating_pointEv
FNA:153,0,_ZN4toml2v35valueIbE17as_floating_pointEv
FNA:153,0,_ZN4toml2v35valueIdE17as_floating_pointEv
FNA:153,0,_ZN4toml2v35valueIlE17as_floating_pointEv
FNL:154,5216,5219
FNA:154,0,_ZN4toml2v35valueINS0_4dateEE10as_booleanEv
FNA:154,0,_ZN4toml2v35valueINS0_4timeEE10as_booleanEv
FNA:154,0,_ZN4toml2v35valueINS0_6stdopt9date_timeEE10as_booleanEv
FNA:154,0,_ZN4toml2v35valueINSt7__cxx1112basic_stringIcSt11char_traitsIcESaIcEEEE10as_booleanEv
FNA:154,0,_ZN4toml2v35valueIbE10as_booleanEv
FNA:154,0,_ZN4toml2v35valueIdE10as_booleanEv
FNA:154,0,_ZN4toml2v35valueIlE10as_booleanEv
FNL:155,5222,5225
FNA:155,0,_ZN4toml2v35valueINS0_4dateEE7as_dateEv
FNA:155,0,_ZN4toml2v35valueINS0_4timeEE7as_dateEv
FNA:155,0,_ZN4toml2v35valueINS0_6stdopt9date_timeEE7as_dateEv
FNA:155,0,_ZN4toml2v35valueINSt7__cxx1112basic_stringIcSt11char_traitsIcESaIcEEEE7as_dateEv
FNA:155,0,_ZN4toml2v35valueIbE7as_dateEv
FNA:155,0,_ZN4toml2v35valueIdE7as_dateEv
FNA:155,0,_ZN4toml2v35valueIlE7as_dateEv
FNL:156,5228,5231
FNA:156,0,_ZN4toml2v35valueINS0_4dateEE7as_timeEv
FNA:156,0,_ZN4toml2v35valueINS0_4timeEE7as_timeEv
FNA:156,0,_ZN4toml2v35valueINS0_6stdopt9date_timeEE7as_timeEv
FNA:156,0,_ZN4toml2v35valueINSt7__cxx1112basic_stringIcSt11char_traitsIcESaIcEEEE7as_timeEv
FNA:156,0,_ZN4toml2v35valueIbE7as_timeEv
FNA:156,0,_ZN4toml2v35valueIdE7as_timeEv
FNA:156,0,_ZN4toml2v35valueIlE7as_timeEv
FNL:157,5234,5237
FNA:157,0,_ZN4toml2v35valueINS0_4dateEE12as_date_timeEv
FNA:157,0,_ZN4toml2v35valueINS0_4timeEE12as_date_timeEv
FNA:157,0,_ZN4toml2v35valueINS0_6stdopt9date_timeEE12as_date_timeEv
FNA:157,0,_ZN4toml2v35valueINSt7__cxx1112basic_stringIcSt11char_traitsIcESaIcEEEE12as_date_timeEv
FNA:157,0,_ZN4toml2v35valueIbE12as_date_timeEv
FNA:157,0,_ZN4toml2v35valueIdE12as_date_timeEv
FNA:157,0,_ZN4toml2v35valueIlE12as_date_timeEv
FNL:158,5240,5243
FNA:158,0,_ZNK4toml2v35valueINS0_4dateEE8as_tableEv
FNA:158,0,_ZNK4toml2v35valueINS0_4timeEE8as_tableEv
FNA:158,0,_ZNK4toml2v35valueINS0_6stdopt9date_timeEE8as_tableEv
FNA:158,0,_ZNK4toml2v35valueINSt7__cxx1112basic_stringIcSt11char_traitsIcESaIcEEEE8as_tableEv
FNA:158,0,_ZNK4toml2v35valueIbE8as_tableEv
FNA:158,0,_ZNK4toml2v35valueIdE8as_tableEv
FNA:158,0,_ZNK4toml2v35valueIlE8as_tableEv
FNL:159,5246,5249
FNA:159,0,_ZNK4toml2v35valueINS0_4dateEE8as_arrayEv
FNA:159,0,_ZNK4toml2v35valueINS0_4timeEE8as_arrayEv
FNA:159,0,_ZNK4toml2v35valueINS0_6stdopt9date_timeEE8as_arrayEv
FNA:159,0,_ZNK4toml2v35valueINSt7__cxx1112basic_stringIcSt11char_traitsIcESaIcEEEE8as_arrayEv
FNA:159,0,_ZNK4toml2v35valueIbE8as_arrayEv
FNA:159,0,_ZNK4toml2v35valueIdE8as_arrayEv
FNA:159,0,_ZNK4toml2v35valueIlE8as_arrayEv
FNL:160,5252,5255
FNA:160,0,_ZNK4toml2v35valueINS0_4dateEE9as_stringB5cxx11Ev
FNA:160,0,_ZNK4toml2v35valueINS0_4timeEE9as_stringB5cxx11Ev
FNA:160,0,_ZNK4toml2v35valueINS0_6stdopt9date_timeEE9as_stringB5cxx11Ev
FNA:160,0,_ZNK4toml2v35valueINSt7__cxx1112basic_stringIcSt11char_traitsIcESaIcEEEE9as_stringEv
FNA:160,0,_ZNK4toml2v35valueIbE9as_stringB5cxx11Ev
FNA:160,0,_ZNK4toml2v35valueIdE9as_stringB5cxx11Ev
FNA:160,0,_ZNK4toml2v35valueIlE9as_stringB5cxx11Ev
FNL:161,5258,5261
FNA:161,0,_ZNK4toml2v35valueINS0_4dateEE10as_integerEv
FNA:161,0,_ZNK4toml2v35valueINS0_4timeEE10as_integerEv
FNA:161,0,_ZNK4toml2v35valueINS0_6stdopt9date_timeEE10as_integerEv
FNA:161,0,_ZNK4toml2v35valueINSt7__cxx1112basic_stringIcSt11char_traitsIcESaIcEEEE10as_integerEv
FNA:161,0,_ZNK4toml2v35valueIbE10as_integerEv
FNA:161,0,_ZNK4toml2v35valueIdE10as_integerEv
FNA:161,0,_ZNK4toml2v35valueIlE10as_integerEv
FNL:162,5264,5267
FNA:162,0,_ZNK4toml2v35valueINS0_4dateEE17as_floating_pointEv
FNA:162,0,_ZNK4toml2v35valueINS0_4timeEE17as_floating_pointEv
FNA:162,0,_ZNK4toml2v35valueINS0_6stdopt9date_timeEE17as_floating_pointEv
FNA:162,0,_ZNK4toml2v35valueINSt7__cxx1112basic_stringIcSt11char_traitsIcESaIcEEEE17as_floating_pointEv
FNA:162,0,_ZNK4toml2v35valueIbE17as_floating_pointEv
FNA:162,0,_ZNK4toml2v35valueIdE17as_floating_pointEv
FNA:162,0,_ZNK4toml2v35valueIlE17as_floating_pointEv
FNL:163,5270,5273
FNA:163,0,_ZNK4toml2v35valueINS0_4dateEE10as_booleanEv
FNA:163,0,_ZNK4toml2v35valueINS0_4timeEE10as_booleanEv
FNA:163,0,_ZNK4toml2v35valueINS0_6stdopt9date_timeEE10as_booleanEv
FNA:163,0,_ZNK4toml2v35valueINSt7__cxx1112basic_stringIcSt11char_traitsIcESaIcEEEE10as_booleanEv
FNA:163,0,_ZNK4toml2v35valueIbE10as_booleanEv
FNA:163,0,_ZNK4toml2v35valueIdE10as_booleanEv
FNA:163,0,_ZNK4toml2v35valueIlE10as_booleanEv
FNL:164,5276,5279
FNA:164,0,_ZNK4toml2v35valueINS0_4dateEE7as_dateEv
FNA:164,0,_ZNK4toml2v35valueINS0_4timeEE7as_dateEv
FNA:164,0,_ZNK4toml2v35valueINS0_6stdopt9date_timeEE7as_dateEv
FNA:164,0,_ZNK4toml2v35valueINSt7__cxx1112basic_stringIcSt11char_traitsIcESaIcEEEE7as_dateEv
FNA:164,0,_ZNK4toml2v35valueIbE7as_dateEv
FNA:164,0,_ZNK4toml2v35valueIdE7as_dateEv
FNA:164,0,_ZNK4toml2v35valueIlE7as_dateEv
FNL:165,5282,5285
FNA:165,0,_ZNK4toml2v35valueINS0_4dateEE7as_timeEv
FNA:165,0,_ZNK4toml2v35valueINS0_4timeEE7as_timeEv
FNA:165,0,_ZNK4toml2v35valueINS0_6stdopt9date_timeEE7as_timeEv
FNA:165,0,_ZNK4toml2v35valueINSt7__cxx1112basic_stringIcSt11char_traitsIcESaIcEEEE7as_timeEv
FNA:165,0,_ZNK4toml2v35valueIbE7as_timeEv
FNA:165,0,_ZNK4toml2v35valueIdE7as_timeEv
FNA:165,0,_ZNK4toml2v35valueIlE7as_timeEv
FNL:166,5288,5291
FNA:166,0,_ZNK4toml2v35valueINS0_4dateEE12as_date_timeEv
FNA:166,0,_ZNK4toml2v35valueINS0_4timeEE12as_date_timeEv
FNA:166,0,_ZNK4toml2v35valueINS0_6stdopt9date_timeEE12as_date_timeEv
FNA:166,0,_ZNK4toml2v35valueINSt7__cxx1112basic_stringIcSt11char_traitsIcESaIcEEEE12as_date_timeEv
FNA:166,0,_ZNK4toml2v35valueIbE12as_date_timeEv
FNA:166,0,_ZNK4toml2v35valueIdE12as_date_timeEv
FNA:166,0,_ZNK4toml2v35valueIlE12as_date_timeEv
FNL:167,5385,5389
FNA:167,0,_ZN4toml2v35valueIlE5flagsENS0_11value_flagsE
FNL:168,5546,5590
FNA:168,0,_ZNK4toml2v34node15get_value_exactINSt7__cxx1112basic_stringIcSt11char_traitsIcESaIcEEEEEDcv
FNL:169,5617,5730
FNA:169,0,_ZNK4toml2v34node5valueINSt7__cxx1112basic_stringIcSt11char_traitsIcESaIcEEEEESt8optionalIT_Ev
FNA:169,34,_ZNK4toml2v34node5valueIfEESt8optionalIT_Ev
FNA:169,17,_ZNK4toml2v34node5valueIiEESt8optionalIT_Ev
FNL:170,5734,5822
FNA:170,68,_ZNK4toml2v34node8value_orIRNSt7__cxx1112basic_stringIcSt11char_traitsIcESaIcEEEEEDaOT_
FNA:170,34,_ZNK4toml2v34node8value_orIRfEEDaOT_
FNA:170,17,_ZNK4toml2v34node8value_orIRiEEDaOT_
FNL:171,6074,6076
FNA:171,0,_ZN4toml2v34impl14array_iteratorILb0EEC2EN9__gnu_cxx17__normal_iteratorIPSt10unique_ptrINS0_4nodeESt14default_deleteIS7_EESt6vectorISA_SaISA_EEEE
FNL:172,6095,6099
FNA:172,0,_ZN4toml2v34impl14array_iteratorILb0EEppEv
FNL:173,6328,6331
FNA:173,0,_ZNK4toml2v35array4typeEv
FNL:174,6357,6360
FNA:174,0,_ZNK4toml2v35array8is_tableEv
FNL:175,6363,6366
FNA:175,0,_ZNK4toml2v35array8is_arrayEv
FNL:176,6369,6372
FNA:176,0,_ZNK4toml2v35array18is_array_of_tablesEv
FNL:177,6375,6378
FNA:177,0,_ZNK4toml2v35array8is_valueEv
FNL:178,6381,6384
FNA:178,0,_ZNK4toml2v35array9is_stringEv
FNL:179,6387,6390
FNA:179,0,_ZNK4toml2v35array10is_integerEv
FNL:180,6393,6396
FNA:180,0,_ZNK4toml2v35array17is_floating_pointEv
FNL:181,6399,6402
FNA:181,0,_ZNK4toml2v35array9is_numberEv
FNL:182,6405,6408
FNA:182,0,_ZNK4toml2v35array10is_booleanEv
FNL:183,6411,6414
FNA:183,0,_ZNK4toml2v35array7is_dateEv
FNL:184,6417,6420
FNA:184,0,_ZNK4toml2v35array7is_timeEv
FNL:185,6423,6426
FNA:185,0,_ZNK4toml2v35array12is_date_timeEv
FNL:186,6429,6432
FNA:186,0,_ZN4toml2v35array8as_tableEv
FNL:187,6435,6438
FNA:187,0,_ZN4toml2v35array8as_arrayEv
FNL:188,6441,6444
FNA:188,0,_ZN4toml2v35array9as_stringB5cxx11Ev
FNL:189,6447,6450
FNA:189,0,_ZN4toml2v35array10as_integerEv
FNL:190,6453,6456
FNA:190,0,_ZN4toml2v35array17as_floating_pointEv
FNL:191,6459,6462
FNA:191,0,_ZN4toml2v35array10as_booleanEv
FNL:192,6465,6468
FNA:192,0,_ZN4toml2v35array7as_dateEv
FNL:193,6471,6474
FNA:193,0,_ZN4toml2v35array7as_timeEv
FNL:194,6477,6480
FNA:194,0,_ZN4toml2v35array12as_date_timeEv
FNL:195,6483,6486
FNA:195,0,_ZNK4toml2v35array8as_tableEv
FNL:196,6489,6492
FNA:196,0,_ZNK4toml2v35array8as_arrayEv
FNL:197,6495,6498
FNA:197,0,_ZNK4toml2v35array9as_stringB5cxx11Ev
FNL:198,6501,6504
FNA:198,0,_ZNK4toml2v35array10as_integerEv
FNL:199,6507,6510
FNA:199,0,_ZNK4toml2v35array17as_floating_pointEv
FNL:200,6513,6516
FNA:200,0,_ZNK4toml2v35array10as_booleanEv
FNL:201,6519,6522
FNA:201,0,_ZNK4toml2v35array7as_dateEv
FNL:202,6525,6528
FNA:202,0,_ZNK4toml2v35array7as_timeEv
FNL:203,6531,6534
FNA:203,0,_ZNK4toml2v35array12as_date_timeEv
FNL:204,6600,6603
FNA:204,0,_ZN4toml2v35array4backEv
FNL:205,6616,6619
FNA:205,0,_ZN4toml2v35array5beginEv
FNL:206,6634,6637
FNA:206,0,_ZN4toml2v35array3endEv
FNL:207,6859,6862
FNA:207,0,_ZNK4toml2v35array5emptyEv
FNL:208,6877,6880
FNA:208,0,_ZNK4toml2v35array8capacityEv
FNL:209,7060,7090
FNA:209,0,_ZN4toml2v35array12emplace_backINS0_5tableEJEEEDcDpOT0_
FNA:209,0,_ZN4toml2v35array12emplace_backISt10unique_ptrINS0_4nodeESt14default_deleteIS4_EEJS7_EEEDcDpOT0_
FNL:210,7201,7204
FNA:210,136,_ZN4toml2v33keyC2ESt17basic_string_viewIcSt11char_traitsIcEEONS0_13source_regionE
FNL:211,7485,7495
FNA:211,374,_ZNK4toml2v34impl14table_iteratorILb0EE9get_proxyEv
FNL:212,7502,7504
FNA:212,556,_ZN4toml2v34impl14table_iteratorILb0EEC2ESt17_Rb_tree_iteratorISt4pairIKNS0_3keyESt10unique_ptrINS0_4nodeESt14default_deleteIS9_EEEE
FNL:213,7514,7516
FNA:213,136,_ZN4toml2v34impl14table_iteratorILb1EEC2ILb1ELi0EEERKNS2_ILb0EEE
FNL:214,7519,7521
FNA:214,136,_ZN4toml2v34impl14table_iteratorILb1EEC2ERKS3_
FNL:215,7523,7528
FNA:215,17,_ZN4toml2v34impl14table_iteratorILb0EEaSERKS3_
FNL:216,7536,7541
FNA:216,272,_ZN4toml2v34impl14table_iteratorILb0EEppEv
FNL:217,7671,7674
FNA:217,37,_ZNK4toml2v35table4typeEv
FNL:218,7700,7703
FNA:218,17,_ZNK4toml2v35table8is_tableEv
FNL:219,7706,7709
FNA:219,0,_ZNK4toml2v35table8is_arrayEv
FNL:220,7712,7715
FNA:220,0,_ZNK4toml2v35table18is_array_of_tablesEv
FNL:221,7718,7721
FNA:221,0,_ZNK4toml2v35table8is_valueEv
FNL:222,7724,7727
FNA:222,0,_ZNK4toml2v35table9is_stringEv
FNL:223,7730,7733
FNA:223,0,_ZNK4toml2v35table10is_integerEv
FNL:224,7736,7739
FNA:224,0,_ZNK4toml2v35table17is_floating_pointEv
FNL:225,7742,7745
FNA:225,0,_ZNK4toml2v35table9is_numberEv
FNL:226,7748,7751
FNA:226,0,_ZNK4toml2v35table10is_booleanEv
FNL:227,7754,7757
FNA:227,0,_ZNK4toml2v35table7is_dateEv
FNL:228,7760,7763
FNA:228,0,_ZNK4toml2v35table7is_timeEv
FNL:229,7766,7769
FNA:229,0,_ZNK4toml2v35table12is_date_timeEv
FNL:230,7772,7775
FNA:230,17,_ZN4toml2v35table8as_tableEv
FNL:231,7778,7781
FNA:231,0,_ZN4toml2v35table8as_arrayEv
FNL:232,7784,7787
FNA:232,0,_ZN4toml2v35table9as_stringB5cxx11Ev
FNL:233,7790,7793
FNA:233,0,_ZN4toml2v35table10as_integerEv
FNL:234,7796,7799
FNA:234,0,_ZN4toml2v35table17as_floating_pointEv
FNL:235,7802,7805
FNA:235,0,_ZN4toml2v35table10as_booleanEv
FNL:236,7808,7811
FNA:236,0,_ZN4toml2v35table7as_dateEv
FNL:237,7814,7817
FNA:237,0,_ZN4toml2v35table7as_timeEv
FNL:238,7820,7823
FNA:238,0,_ZN4toml2v35table12as_date_timeEv
FNL:239,7826,7829
FNA:239,119,_ZNK4toml2v35table8as_tableEv
FNL:240,7832,7835
FNA:240,0,_ZNK4toml2v35table8as_arrayEv
FNL:241,7838,7841
FNA:241,0,_ZNK4toml2v35table9as_stringB5cxx11Ev
FNL:242,7844,7847
FNA:242,0,_ZNK4toml2v35table10as_integerEv
FNL:243,7850,7853
FNA:243,0,_ZNK4toml2v35table17as_floating_pointEv
FNL:244,7856,7859
FNA:244,0,_ZNK4toml2v35table10as_booleanEv
FNL:245,7862,7865
FNA:245,0,_ZNK4toml2v35table7as_dateEv
FNL:246,7868,7871
FNA:246,0,_ZNK4toml2v35table7as_timeEv
FNL:247,7874,7877
FNA:247,0,_ZNK4toml2v35table12as_date_timeEv
FNL:248,7885,7888
FNA:248,0,_ZN4toml2v35table9is_inlineEb
FNL:249,8224,8227
FNA:249,136,_ZN4toml2v35table11lower_boundESt17basic_string_viewIcSt11char_traitsIcEE
FNL:250,8358,8419
FNA:250,0,_ZN4toml2v35table12emplace_hintINS0_5arrayENS0_3keyEJELi0EEENS0_4impl14table_iteratorILb0EEENS6_ILb1EEEOT0_DpOT1_
FNA:250,17,_ZN4toml2v35table12emplace_hintIS1_NS0_3keyEJELi0EEENS0_4impl14table_iteratorILb0EEENS5_ILb1EEEOT0_DpOT1_
FNA:250,119,_ZN4toml2v35table12emplace_hintISt10unique_ptrINS0_4nodeESt14default_deleteIS4_EENS0_3keyEJS7_ELi0EEENS0_4impl14table_iteratorILb0EEENSA_ILb1EEEOT0_DpOT1_
FNL:251,8574,8577
FNA:251,119,_ZNK4toml2v35tableixESt17basic_string_viewIcSt11char_traitsIcEE
FNL:252,8660,8663
FNA:252,3930,_ZN4toml2v34impl30is_ascii_horizontal_whitespaceEDi
FNL:253,8666,8687
FNA:253,3301,_ZN4toml2v34impl34is_non_ascii_horizontal_whitespaceEDi
FNL:254,8690,8693
FNA:254,2278,_ZN4toml2v34impl28is_ascii_vertical_whitespaceEDi
FNL:255,8696,8699
FNA:255,2193,_ZN4toml2v34impl32is_non_ascii_vertical_whitespaceEDi
FNL:256,8702,8715
FNA:256,2448,_ZN4toml2v34impl27is_ascii_bare_key_characterEDi
FNL:257,8845,8848
FNA:257,187,_ZN4toml2v34impl19is_string_delimiterEDi
FNL:258,8851,8854
FNA:258,34,_ZN4toml2v34impl15is_ascii_letterEDi
FNL:259,8857,8860
FNA:259,0,_ZN4toml2v34impl15is_binary_digitEDi
FNL:260,8863,8866
FNA:260,0,_ZN4toml2v34impl14is_octal_digitEDi
FNL:261,8869,8872
FNA:261,340,_ZN4toml2v34impl16is_decimal_digitEDi
FNL:262,8875,8878
FNA:262,0,_ZN4toml2v34impl20is_hexadecimal_digitEDi
FNL:263,8882,8891
FNA:263,0,_ZN4toml2v34impl10hex_to_decINS1_14utf8_codepointEEEjT_
FNA:263,0,_ZN4toml2v34impl10hex_to_decIcEEjT_
FNA:263,0,_ZN4toml2v34impl10hex_to_decIjEEjT_
FNL:264,8894,8897
FNA:264,3675,_ZN4toml2v34impl24is_horizontal_whitespaceEDi
FNL:265,8900,8903
FNA:265,2278,_ZN4toml2v34impl22is_vertical_whitespaceEDi
FNL:266,8906,8909
FNA:266,2397,_ZN4toml2v34impl13is_whitespaceEDi
FNL:267,8912,8919
FNA:267,2448,_ZN4toml2v34impl21is_bare_key_characterEDi
FNL:268,8922,8925
FNA:268,612,_ZN4toml2v34impl19is_value_terminatorEDi
FNL:269,8934,8937
FNA:269,357,_ZN4toml2v34impl20is_control_characterEDi
FNL:270,8940,8943
FNA:270,12093,_ZN4toml2v34impl27is_nontab_control_characterEDi
FNL:271,8946,8949
FNA:271,12093,_ZN4toml2v34impl20is_unicode_surrogateEDi
FNL:272,8994,9005
FNA:272,0,_ZN4toml2v34impl12utf8_decoderclEh
FNL:273,9103,9106
FNA:273,0,_ZN4toml2v34noex11parse_errorC2EONSt7__cxx1112basic_stringIcSt11char_traitsIcESaIcEEEONS0_13source_regionE
FNL:274,9114,9116
FNA:274,0,_ZN4toml2v34noex11parse_errorC2EONSt7__cxx1112basic_stringIcSt11char_traitsIcESaIcEEERKNS0_15source_positionERKSt10shared_ptrIKS8_E
FNL:275,9121,9128
FNA:275,0,_ZNK4toml2v34noex11parse_error11descriptionEv
FNL:276,9131,9134
FNA:276,0,_ZNK4toml2v34noex11parse_error6sourceEv
FNL:277,9206,9212
FNA:277,20,_ZN4toml2v34noex12parse_result7destroyEv
FNL:278,9224,9228
FNA:278,20,_ZN4toml2v34noex12parse_resultC2EONS0_5tableE
FNL:279,9231,9235
FNA:279,0,_ZN4toml2v34noex12parse_resultC2EONS1_11parse_errorE
FNL:280,9268,9271
FNA:280,20,_ZN4toml2v34noex12parse_resultD2Ev
FNL:281,9286,9289
FNA:281,20,_ZNK4toml2v34noex12parse_resultcvbEv
FNL:282,9299,9303
FNA:282,20,_ZNO4toml2v34noex12parse_result5tableEv
FNL:283,9331,9335
FNA:283,0,_ZNR4toml2v34noex12parse_result5errorEv
FNF:284
FNH:111
DA:1611,0
DA:2287,0
DA:2301,34
DA:2310,34
DA:2311,34
DA:2312,34
DA:2313,0
DA:2314,0
DA:2315,0
DA:2324,0
DA:2327,0
DA:2328,0
DA:2329,0
DA:2330,0
DA:2337,479
DA:2539,306
DA:2541,306
DA:2547,136
DA:2549,136
DA:2553,17
DA:2555,17
DA:2597,0
DA:2599,0
DA:2600,0
DA:2643,0
DA:2644,0
DA:2645,0
DA:2646,0
DA:2647,0
DA:2724,0
DA:2725,0
DA:2726,0
DA:2727,0
DA:2728,0
DA:2729,0
DA:2857,0
DA:2860,0
DA:2861,0
DA:2862,0
DA:2863,0
DA:2864,0
DA:2881,0
DA:2882,0
DA:2883,0
DA:2884,0
DA:2885,0
DA:3703,37
DA:3721,68
DA:3916,119
DA:3978,136
DA:4261,0
DA:4264,238
DA:4265,238
DA:4266,238
DA:4406,119
DA:4408,238
DA:4412,119
DA:4414,119
DA:4485,119
DA:4514,119
DA:4515,119
DA:4519,0
DA:4642,119
DA:4644,119
DA:4645,119
DA:4646,0
DA:4823,68
DA:4828,136
DA:4840,51
DA:4908,17
DA:4930,17
DA:4931,0
DA:4933,17
DA:4963,0
DA:4965,0
DA:4985,119
DA:4987,119
DA:4992,119
DA:5066,238
DA:5068,238
DA:5072,0
DA:5074,0
DA:5078,0
DA:5080,0
DA:5082,0
DA:5083,0
DA:5085,0
DA:5089,0
DA:5091,0
DA:5093,0
DA:5094,0
DA:5096,0
DA:5114,0
DA:5116,0
DA:5120,0
DA:5122,0
DA:5126,0
DA:5128,0
DA:5132,0
DA:5134,0
DA:5138,0
DA:5140,0
DA:5144,0
DA:5146,0
DA:5150,0
DA:5152,0
DA:5156,0
DA:5158,0
DA:5162,0
DA:5164,0
DA:5168,0
DA:5170,0
DA:5174,0
DA:5176,0
DA:5180,0
DA:5182,0
DA:5186,0
DA:5188,0
DA:5192,0
DA:5194,0
DA:5198,0
DA:5200,0
DA:5204,0
DA:5206,0
DA:5210,0
DA:5212,0
DA:5216,0
DA:5218,0
DA:5222,0
DA:5224,0
DA:5228,0
DA:5230,0
DA:5234,0
DA:5236,0
DA:5240,0
DA:5242,0
DA:5246,0
DA:5248,0
DA:5252,0
DA:5254,0
DA:5258,0
DA:5260,0
DA:5264,0
DA:5266,0
DA:5270,0
DA:5272,0
DA:5276,0
DA:5278,0
DA:5282,0
DA:5284,0
DA:5288,0
DA:5290,0
DA:5332,119
DA:5385,0
DA:5387,0
DA:5388,0
DA:5546,0
DA:5555,0
DA:5559,0
DA:5561,0
DA:5617,51
DA:5631,0
DA:5632,0
DA:5634,0
DA:5640,51
DA:5643,17
DA:5651,34
DA:5657,0
DA:5660,0
DA:5661,0
DA:5662,0
DA:5664,0
DA:5677,34
DA:5686,34
DA:5687,34
DA:5688,34
DA:5689,0
DA:5690,34
DA:5697,0
DA:5698,0
DA:5699,0
DA:5700,0
DA:5702,0
DA:5711,0
DA:5719,0
DA:5723,0
DA:5728,0
DA:5734,119
DA:5811,68
DA:5812,136
DA:5814,51
DA:5815,51
DA:5819,0
DA:6074,0
DA:6075,0
DA:6076,0
DA:6095,0
DA:6097,0
DA:6098,0
DA:6124,0
DA:6191,0
DA:6328,0
DA:6330,0
DA:6357,0
DA:6359,0
DA:6363,0
DA:6365,0
DA:6369,0
DA:6371,0
DA:6375,0
DA:6377,0
DA:6381,0
DA:6383,0
DA:6387,0
DA:6389,0
DA:6393,0
DA:6395,0
DA:6399,0
DA:6401,0
DA:6405,0
DA:6407,0
DA:6411,0
DA:6413,0
DA:6417,0
DA:6419,0
DA:6423,0
DA:6425,0
DA:6429,0
DA:6431,0
DA:6435,0
DA:6437,0
DA:6441,0
DA:6443,0
DA:6447,0
DA:6449,0
DA:6453,0
DA:6455,0
DA:6459,0
DA:6461,0
DA:6465,0
DA:6467,0
DA:6471,0
DA:6473,0
DA:6477,0
DA:6479,0
DA:6483,0
DA:6485,0
DA:6489,0
DA:6491,0
DA:6495,0
DA:6497,0
DA:6501,0
DA:6503,0
DA:6507,0
DA:6509,0
DA:6513,0
DA:6515,0
DA:6519,0
DA:6521,0
DA:6525,0
DA:6527,0
DA:6531,0
DA:6533,0
DA:6600,0
DA:6602,0
DA:6616,0
DA:6618,0
DA:6634,0
DA:6636,0
DA:6859,0
DA:6861,0
DA:6877,0
DA:6879,0
DA:7060,0
DA:7081,0
DA:7082,0
DA:7086,0
DA:7087,0
DA:7088,0
DA:7201,136
DA:7202,272
DA:7203,272
DA:7204,136
DA:7255,357
DA:7261,357
DA:7285,0
DA:7303,153
DA:7327,204
DA:7339,748
DA:7375,238
DA:7485,374
DA:7487,374
DA:7489,374
DA:7490,374
DA:7491,374
DA:7494,0
DA:7502,556
DA:7503,556
DA:7504,556
DA:7514,136
DA:7515,136
DA:7516,136
DA:7519,136
DA:7520,136
DA:7521,136
DA:7523,17
DA:7525,17
DA:7526,17
DA:7527,17
DA:7536,272
DA:7538,272
DA:7539,272
DA:7540,272
DA:7569,272
DA:7575,102
DA:7581,136
DA:7600,482
DA:7671,37
DA:7673,37
DA:7700,17
DA:7702,17
DA:7706,0
DA:7708,0
DA:7712,0
DA:7714,0
DA:7718,0
DA:7720,0
DA:7724,0
DA:7726,0
DA:7730,0
DA:7732,0
DA:7736,0
DA:7738,0
DA:7742,0
DA:7744,0
DA:7748,0
DA:7750,0
DA:7754,0
DA:7756,0
DA:7760,0
DA:7762,0
DA:7766,0
DA:7768,0
DA:7772,17
DA:7774,17
DA:7778,0
DA:7780,0
DA:7784,0
DA:7786,0
DA:7790,0
DA:7792,0
DA:7796,0
DA:7798,0
DA:7802,0
DA:7804,0
DA:7808,0
DA:7810,0
DA:7814,0
DA:7816,0
DA:7820,0
DA:7822,0
DA:7826,119
DA:7828,119
DA:7832,0
DA:7834,0
DA:7838,0
DA:7840,0
DA:7844,0
DA:7846,0
DA:7850,0
DA:7852,0
DA:7856,0
DA:7858,0
DA:7862,0
DA:7864,0
DA:7868,0
DA:7870,0
DA:7874,0
DA:7876,0
DA:7882,37
DA:7885,0
DA:7887,0
DA:7888,0
DA:7897,238
DA:7988,74
DA:8006,210
DA:8206,0
DA:8224,136
DA:8226,136
DA:8358,136
DA:8391,136
DA:8395,136
DA:8398,119
DA:8405,34
DA:8406,17
DA:8409,0
DA:8411,0
DA:8412,0
DA:8417,272
DA:8574,119
DA:8576,119
DA:8660,3930
DA:8662,3930
DA:8666,3301
DA:8670,3301
DA:8671,3301
DA:8673,0
DA:8674,0
DA:8675,0
DA:8676,0
DA:8677,0
DA:8678,0
DA:8680,0
DA:8681,0
DA:8682,0
DA:8683,0
DA:8690,2278
DA:8692,2278
DA:8696,2193
DA:8698,2193
DA:8702,2448
DA:8710,2448
DA:8711,119
DA:8713,2329
DA:8714,2329
DA:8845,187
DA:8847,187
DA:8851,34
DA:8853,34
DA:8857,0
DA:8859,0
DA:8863,0
DA:8865,0
DA:8869,340
DA:8871,340
DA:8875,0
DA:8877,0
DA:8882,0
DA:8886,0
DA:8887,0
DA:8890,0
DA:8894,3675
DA:8896,3675
DA:8900,2278
DA:8902,2278
DA:8906,2397
DA:8908,2397
DA:8912,2448
DA:8914,2448
DA:8922,612
DA:8924,612
DA:8934,357
DA:8936,357
DA:8940,12093
DA:8942,12093
DA:8946,12093
DA:8948,12093
DA:8979,0
DA:8985,479
DA:8991,479
DA:8994,0
DA:8996,0
DA:8998,0
DA:9000,0
DA:9001,0
DA:9002,0
DA:9004,0
DA:9005,0
DA:9016,479
DA:9017,479
DA:9103,0
DA:9104,0
DA:9105,0
DA:9106,0
DA:9114,0
DA:9115,0
DA:9116,0
DA:9121,0
DA:9126,0
DA:9131,0
DA:9133,0
DA:9203,40
DA:9206,20
DA:9208,20
DA:9209,0
DA:9211,40
DA:9212,20
DA:9224,20
DA:9225,20
DA:9227,40
DA:9228,20
DA:9231,0
DA:9232,0
DA:9234,0
DA:9235,0
DA:9268,20
DA:9270,20
DA:9271,20
DA:9286,20
DA:9288,20
DA:9299,20
DA:9301,20
DA:9302,40
DA:9331,0
DA:9333,0
DA:9334,0
DA:10297,0
DA:10299,0
DA:10301,0
DA:10302,0
DA:10304,0
DA:10305,0
DA:10307,0
DA:10312,0
DA:10314,0
DA:10315,0
DA:10317,0
DA:10319,0
DA:10320,0
DA:10321,0
DA:10322,0
DA:10329,0
DA:10330,0
DA:10331,0
DA:10332,0
DA:10333,0
DA:10335,0
DA:10336,0
DA:10337,0
DA:10339,0
DA:10456,0
DA:10458,0
DA:10459,0
DA:10462,0
DA:10464,0
DA:10465,0
DA:10468,0
DA:10470,0
DA:10471,0
DA:10525,0
DA:10527,0
DA:10528,0
DA:10635,0
DA:10637,0
DA:10638,0
DA:10639,0
DA:10640,0
DA:10641,0
DA:10644,0
DA:10646,0
DA:10647,0
DA:10649,0
DA:10650,0
DA:10651,0
DA:10653,0
DA:10740,156
DA:10743,196
DA:10746,40
DA:10747,40
DA:10748,40
DA:11676,0
DA:11681,0
DA:11684,0
DA:11689,0
DA:11787,0
DA:11789,0
DA:11790,0
DA:11791,0
DA:11801,0
DA:11803,0
DA:11804,0
DA:11806,0
DA:11807,0
DA:11809,0
DA:11810,0
DA:11811,0
DA:11813,0
DA:11818,0
DA:11820,0
DA:11822,0
DA:11823,0
DA:11825,0
DA:11826,0
DA:11827,0
DA:11829,0
DA:11831,0
DA:11832,0
DA:11835,0
DA:11840,0
DA:11842,0
DA:11843,0
DA:11844,0
DA:11845,0
DA:11865,0
DA:11867,0
DA:11868,0
DA:12063,37
DA:12068,37
DA:12071,94
DA:12076,94
DA:12115,40
DA:12116,40
DA:12117,40
DA:12118,80
DA:12123,40
DA:12153,0
DA:12155,0
DA:12156,0
DA:12158,0
DA:12159,0
DA:12161,0
DA:12164,0
DA:12165,0
DA:12168,0
DA:12173,0
DA:12175,0
DA:12177,0
DA:12178,0
DA:12180,0
DA:12181,0
DA:12182,0
DA:12185,0
DA:12187,0
DA:12188,0
DA:12191,0
DA:12196,0
DA:12198,0
DA:12199,0
DA:12200,0
DA:12201,0
DA:12206,238
DA:12208,238
DA:12209,238
DA:12210,0
DA:12239,136
DA:12241,136
DA:12259,0
DA:12261,0
DA:12324,136
DA:12326,544
DA:12417,479
DA:12419,479
DA:12423,479
DA:12425,479
DA:12427,479
DA:12428,1417
DA:12430,938
DA:12431,938
DA:12433,958
DA:12439,1437
DA:12440,0
DA:12446,579
DA:12447,100
DA:12448,0
DA:12450,479
DA:12511,20
DA:12512,20
DA:12515,20
DA:12516,0
DA:12517,20
DA:12522,479
DA:12528,1477
DA:12534,978
DA:12540,20
DA:12545,479
DA:12547,479
DA:12549,479
DA:12550,479
DA:12551,479
DA:12552,479
DA:12564,0
DA:12565,0
DA:12567,0
DA:12568,0
DA:12570,0
DA:12572,0
DA:12573,0
DA:12574,0
DA:12576,0
DA:12577,0
DA:12583,0
DA:12589,0
DA:12595,0
DA:12599,0
DA:12601,0
DA:12606,0
DA:12608,0
DA:12610,0
DA:12611,0
DA:12625,170
DA:12631,153
DA:12655,20
DA:12709,479
DA:12711,958
DA:12719,479
DA:12740,479
DA:12742,0
DA:12747,0
DA:12748,0
DA:12754,0
DA:12758,0
DA:12761,479
DA:12762,479
DA:12765,1437
DA:12767,15587
DA:12769,15108
DA:12770,15108
DA:12772,15108
DA:12774,462
DA:12775,462
DA:12778,14646
DA:12783,958
DA:12786,479
DA:12788,479
DA:12789,479
DA:12791,479
DA:12792,15587
DA:12794,15108
DA:12795,15108
DA:12796,15108
DA:12797,15108
DA:12805,0
DA:12807,0
DA:12810,0
DA:12812,0
DA:12813,0
DA:12815,0
DA:12816,0
DA:12817,0
DA:12820,0
DA:12822,0
DA:12824,0
DA:12826,0
DA:12827,0
DA:12828,0
DA:12829,0
DA:12831,0
DA:12833,0
DA:12834,0
DA:12835,0
DA:12838,0
DA:12840,0
DA:12841,0
DA:12844,0
DA:12848,479
DA:12849,479
DA:12853,958
DA:12855,0
DA:12858,0
DA:12861,479
DA:12867,20
DA:12869,20
DA:12871,20
DA:12873,20
DA:12874,20
DA:12876,20
DA:12877,20
DA:12878,20
DA:12881,156
DA:12883,156
DA:12887,15128
DA:12889,15128
DA:12891,15128
DA:12893,998
DA:12894,20
DA:12896,479
DA:12898,15108
DA:12899,15108
DA:12900,15108
DA:12902,15108
DA:12906,20
DA:12908,40
DA:12914,30953
DA:12916,61906
DA:12962,20
DA:12963,20
DA:12964,20
DA:12969,156
DA:12973,15417
DA:12975,15417
DA:12977,15417
DA:12979,289
DA:12982,289
DA:12983,119
DA:12987,170
DA:12988,170
DA:12993,15128
DA:12994,20
DA:12997,15108
DA:12999,15108
DA:13000,2222
DA:13002,12886
DA:13004,15108
DA:13007,15128
DA:13012,119
DA:13014,119
DA:13016,119
DA:13017,119
DA:13019,119
DA:13021,119
DA:13022,119
DA:13023,119
DA:13027,20
DA:13029,20
DA:13035,15417
DA:13037,15417
DA:13056,10926
DA:13059,10926
DA:13109,0
DA:13111,0
DA:13116,0
DA:13118,0
DA:13123,0
DA:13127,0
DA:13132,0
DA:13134,0
DA:13135,0
DA:13136,0
DA:13137,0
DA:13139,0
DA:13144,0
DA:13146,0
DA:13147,0
DA:13148,0
DA:13159,0
DA:13161,0
DA:13162,0
DA:13169,0
DA:13170,0
DA:13171,0
DA:13172,0
DA:13194,0
DA:13195,0
DA:13208,0
DA:13209,0
DA:13212,0
DA:13213,0
DA:13214,0
DA:13215,0
DA:13216,0
DA:13218,0
DA:13219,0
DA:13220,0
DA:13222,0
DA:13234,0
DA:13253,0
DA:13254,0
DA:13255,0
DA:13256,0
DA:13257,0
DA:13258,0
DA:13261,0
DA:13263,0
DA:13264,0
DA:13267,0
DA:13269,0
DA:13274,0
DA:13287,890
DA:13288,890
DA:13289,890
DA:13291,890
DA:13292,890
DA:13294,890
DA:13296,890
DA:13297,890
DA:13312,136
DA:13314,136
DA:13315,136
DA:13316,136
DA:13317,136
DA:13318,136
DA:13320,136
DA:13322,136
DA:13323,136
DA:13324,136
DA:13325,136
DA:13326,136
DA:13331,272
DA:13337,272
DA:13343,17
DA:13349,527
DA:13358,119
DA:13359,119
DA:13361,119
DA:13362,119
DA:13364,119
DA:13366,119
DA:13367,119
DA:13383,0
DA:13384,0
DA:13386,0
DA:13387,0
DA:13389,0
DA:13391,0
DA:13392,0
DA:13532,428
DA:13534,428
DA:13535,408
DA:13536,20
DA:13542,0
DA:13545,0
DA:13547,0
DA:13548,0
DA:13555,0
DA:13561,0
DA:13563,0
DA:13564,0
DA:13566,119
DA:13568,119
DA:13569,119
DA:13571,119
DA:13572,119
DA:13575,15397
DA:13577,15397
DA:13578,15397
DA:13580,15397
DA:13581,15397
DA:13584,15397
DA:13586,0
DA:13587,0
DA:13591,15397
DA:13593,3570
DA:13594,1666
DA:13598,136
DA:13600,136
DA:13602,136
DA:13603,136
DA:13604,136
DA:13605,136
DA:13606,136
DA:13609,136
DA:13611,136
DA:13613,136
DA:13614,136
DA:13616,136
DA:13617,0
DA:13618,136
DA:13619,136
DA:13621,0
DA:13622,0
DA:13623,0
DA:13627,1023
DA:13629,1023
DA:13631,1023
DA:13632,2556
DA:13634,510
DA:13635,0
DA:13637,255
DA:13638,255
DA:13640,1023
DA:13643,10620
DA:13645,10620
DA:13647,21240
DA:13648,0
DA:13651,21240
DA:13653,0
DA:13655,0
DA:13656,0
DA:13658,0
DA:13659,0
DA:13663,21240
DA:13664,10158
DA:13666,462
DA:13667,462
DA:13687,462
DA:13689,462
DA:13691,924
DA:13692,272
DA:13694,190
DA:13696,190
DA:13698,10022
DA:13700,10022
DA:13701,190
DA:13702,9832
DA:13707,19664
DA:13708,0
DA:13712,19664
DA:13713,0
DA:13717,9832
DA:13720,0
DA:13721,190
DA:13724,0
DA:13726,0
DA:13727,0
DA:13729,0
DA:13731,0
DA:13732,0
DA:13733,0
DA:13734,0
DA:13736,0
DA:13741,0
DA:13743,0
DA:13744,0
DA:13745,0
DA:13747,0
DA:13749,0
DA:13750,0
DA:13751,0
DA:13753,0
DA:13754,0
DA:13756,0
DA:13761,0
DA:13763,0
DA:13764,0
DA:13765,0
DA:13767,0
DA:13768,0
DA:13770,0
DA:13771,0
DA:13773,0
DA:13774,0
DA:13776,0
DA:13781,68
DA:13783,68
DA:13784,68
DA:13785,136
DA:13786,68
DA:13789,68
DA:13792,68
DA:13794,0
DA:13795,0
DA:13796,0
DA:13799,68
DA:13800,68
DA:13801,68
DA:13802,68
DA:13805,2329
DA:13807,0
DA:13810,0
DA:13812,0
DA:13814,0
DA:13815,0
DA:13818,0
DA:13819,0
DA:13820,0
DA:13823,0
DA:13824,0
DA:13825,0
DA:13828,0
DA:13829,0
DA:13830,0
DA:13831,0
DA:13832,0
DA:13833,0
DA:13834,0
DA:13839,0
DA:13840,0
DA:13847,0
DA:13848,0
DA:13853,0
DA:13856,0
DA:13857,0
DA:13858,0
DA:13861,0
DA:13862,0
DA:13863,0
DA:13865,0
DA:13867,0
DA:13868,0
DA:13870,0
DA:13871,0
DA:13872,0
DA:13875,0
DA:13876,0
DA:13878,0
DA:13879,0
DA:13881,0
DA:13883,0
DA:13885,0
DA:13887,0
DA:13888,0
DA:13890,0
DA:13892,0
DA:13893,0
DA:13894,0
DA:13896,0
DA:13898,0
DA:13899,0
DA:13900,0
DA:13901,0
DA:13903,0
DA:13904,0
DA:13908,0
DA:13911,0
DA:13912,0
DA:13917,4658
DA:13919,68
DA:13921,0
DA:13922,0
DA:13925,0
DA:13926,0
DA:13927,0
DA:13928,0
DA:13930,0
DA:13932,0
DA:13934,0
DA:13937,0
DA:13938,0
DA:13939,0
DA:13940,0
DA:13943,0
DA:13944,0
DA:13945,0
DA:13946,0
DA:13949,0
DA:13952,0
DA:13955,0
DA:13956,0
DA:13957,0
DA:13958,0
DA:13960,0
DA:13965,68
DA:13966,68
DA:13971,4522
DA:13973,0
DA:13974,0
DA:13975,0
DA:13976,0
DA:13980,2261
DA:13982,0
DA:13983,0
DA:13984,0
DA:13985,0
DA:13986,0
DA:13990,4522
DA:13991,0
DA:13997,4522
DA:13998,0
DA:14002,2261
DA:14004,0
DA:14006,0
DA:14007,0
DA:14011,2261
DA:14013,2261
DA:14016,2261
DA:14018,0
DA:14019,68
DA:14023,0
DA:14025,0
DA:14026,0
DA:14027,0
DA:14028,0
DA:14031,0
DA:14034,0
DA:14036,0
DA:14037,0
DA:14038,0
DA:14041,0
DA:14042,0
DA:14045,0
DA:14048,0
DA:14050,0
DA:14052,0
DA:14053,0
DA:14056,0
DA:14057,0
DA:14058,0
DA:14059,0
DA:14061,0
DA:14063,0
DA:14065,0
DA:14068,0
DA:14071,0
DA:14074,0
DA:14077,0
DA:14080,0
DA:14081,0
DA:14082,0
DA:14083,0
DA:14085,0
DA:14090,0
DA:14091,0
DA:14096,0
DA:14098,0
DA:14099,0
DA:14100,0
DA:14101,0
DA:14105,0
DA:14106,0
DA:14112,0
DA:14113,0
DA:14116,0
DA:14117,0
DA:14119,0
DA:14121,0
DA:14122,0
DA:14126,68
DA:14128,68
DA:14129,68
DA:14130,136
DA:14131,68
DA:14134,68
DA:14135,68
DA:14136,68
DA:14137,68
DA:14138,68
DA:14142,68
DA:14144,0
DA:14145,0
DA:14147,0
DA:14152,68
DA:14154,0
DA:14162,68
DA:14164,68
DA:14166,68
DA:14170,136
DA:14172,136
DA:14173,136
DA:14174,272
DA:14176,136
DA:14178,1802
DA:14180,3604
DA:14181,136
DA:14183,1666
DA:14184,1666
DA:14187,136
DA:14192,0
DA:14194,0
DA:14195,0
DA:14196,0
DA:14197,0
DA:14199,0
DA:14200,0
DA:14201,0
DA:14202,0
DA:14207,0
DA:14209,0
DA:14210,0
DA:14212,0
DA:14213,0
DA:14217,0
DA:14219,0
DA:14220,0
DA:14221,0
DA:14222,0
DA:14224,0
DA:14225,0
DA:14226,0
DA:14227,0
DA:14229,0
DA:14230,0
DA:14231,0
DA:14236,0
DA:14238,0
DA:14239,0
DA:14241,0
DA:14242,0
DA:14243,0
DA:14247,34
DA:14249,34
DA:14250,34
DA:14251,102
DA:14252,34
DA:14255,68
DA:14256,68
DA:14257,0
DA:14261,34
DA:14262,34
DA:14263,34
DA:14264,34
DA:14265,340
DA:14267,272
DA:14269,0
DA:14270,0
DA:14272,0
DA:14273,0
DA:14274,0
DA:14276,238
DA:14277,0
DA:14278,136
DA:14279,0
DA:14283,272
DA:14288,34
DA:14289,0
DA:14292,34
DA:14293,0
DA:14298,34
DA:14299,0
DA:14301,34
DA:14303,204
DA:14305,0
DA:14306,0
DA:14309,0
DA:14310,0
DA:14312,0
DA:14313,0
DA:14315,204
DA:14318,0
DA:14319,0
DA:14322,0
DA:14323,0
DA:14325,204
DA:14327,102
DA:14329,34
DA:14330,34
DA:14331,0
DA:14332,0
DA:14336,0
DA:14338,136
DA:14339,136
DA:14340,136
DA:14344,34
DA:14346,34
DA:14348,0
DA:14349,0
DA:14351,34
DA:14353,0
DA:14354,0
DA:14389,34
DA:14390,34
DA:14391,34
DA:14392,34
DA:14393,34
DA:14395,0
DA:14398,34
DA:14400,34
DA:14404,0
DA:14406,0
DA:14407,0
DA:14408,0
DA:14409,0
DA:14572,0
DA:14576,0
DA:14581,0
DA:14583,0
DA:14584,0
DA:14586,0
DA:14588,0
DA:14591,0
DA:14592,0
DA:14593,0
DA:14598,0
DA:14599,0
DA:14604,0
DA:14605,0
DA:14606,0
DA:14609,0
DA:14610,0
DA:14611,0
DA:14613,0
DA:14614,0
DA:14619,0
DA:14620,0
DA:14621,0
DA:14623,0
DA:14625,0
DA:14626,0
DA:14628,0
DA:14629,0
DA:14630,0
DA:14632,0
DA:14633,0
DA:14634,0
DA:14635,0
DA:14636,0
DA:14637,0
DA:14639,0
DA:14641,0
DA:14642,0
DA:14646,0
DA:14648,0
DA:14649,0
DA:14653,0
DA:14658,0
DA:14660,0
DA:14663,0
DA:14665,0
DA:14669,0
DA:14670,0
DA:14673,0
DA:14674,0
DA:14675,0
DA:14676,0
DA:14682,0
DA:14683,0
DA:14687,0
DA:14688,0
DA:14695,0
DA:14697,0
DA:14698,0
DA:14701,0
DA:14703,0
DA:14705,0
DA:14711,0
DA:14712,0
DA:14720,0
DA:14721,0
DA:14723,0
DA:14726,0
DA:14728,0
DA:14732,0
DA:14734,0
DA:14735,0
DA:14736,0
DA:14737,0
DA:14741,0
DA:14742,0
DA:14743,0
DA:14744,0
DA:14745,0
DA:14748,0
DA:14749,0
DA:14750,0
DA:14753,0
DA:14754,0
DA:14755,0
DA:14756,0
DA:14757,0
DA:14758,0
DA:14759,0
DA:14760,0
DA:14761,0
DA:14764,0
DA:14765,0
DA:14766,0
DA:14769,0
DA:14770,0
DA:14771,0
DA:14772,0
DA:14773,0
DA:14778,0
DA:14779,0
DA:14781,0
DA:14782,0
DA:14786,0
DA:14788,0
DA:14789,0
DA:14790,0
DA:14791,0
DA:14798,0
DA:14799,0
DA:14800,0
DA:14801,0
DA:14802,0
DA:14803,0
DA:14806,0
DA:14807,0
DA:14808,0
DA:14811,0
DA:14812,0
DA:14813,0
DA:14814,0
DA:14815,0
DA:14816,0
DA:14825,0
DA:14826,0
DA:14827,0
DA:14828,0
DA:14831,0
DA:14832,0
DA:14833,0
DA:14834,0
DA:14835,0
DA:14836,0
DA:14839,0
DA:14840,0
DA:14841,0
DA:14842,0
DA:14843,0
DA:14846,0
DA:14847,0
DA:14849,0
DA:14850,0
DA:14852,0
DA:14854,0
DA:14855,0
DA:14856,0
DA:14857,0
DA:14859,0
DA:14860,0
DA:14861,0
DA:14863,0
DA:14864,0
DA:14866,0
DA:14867,0
DA:14868,0
DA:14869,0
DA:14870,0
DA:14874,0
DA:14876,0
DA:14877,0
DA:14878,0
DA:14879,0
DA:14882,0
DA:14883,0
DA:14886,0
DA:14887,0
DA:14888,0
DA:14891,0
DA:14892,0
DA:14895,0
DA:14896,0
DA:14899,0
DA:14900,0
DA:14901,0
DA:14904,0
DA:14906,0
DA:14909,0
DA:14910,0
DA:14914,0
DA:14915,0
DA:14916,0
DA:14917,0
DA:14918,0
DA:14919,0
DA:14922,0
DA:14923,0
DA:14924,0
DA:14927,0
DA:14928,0
DA:14929,0
DA:14930,0
DA:14931,0
DA:14932,0
DA:14933,0
DA:14935,0
DA:14936,0
DA:14938,0
DA:14939,0
DA:14948,119
DA:14950,119
DA:14951,119
DA:14952,238
DA:14953,238
DA:14955,119
DA:14958,0
DA:14961,0
DA:14964,0
DA:14967,68
DA:14968,68
DA:14970,51
DA:14972,51
DA:14975,51
DA:14976,0
DA:14979,51
DA:14980,0
DA:14983,51
DA:14990,119
DA:14992,119
DA:14993,119
DA:14994,238
DA:14995,119
DA:14997,119
DA:14998,119
DA:14999,0
DA:15006,238
DA:15007,0
DA:15010,238
DA:15011,0
DA:15013,119
DA:15014,119
DA:15018,238
DA:15019,238
DA:15025,119
DA:15026,119
DA:15027,119
DA:15028,119
DA:15054,51
DA:15055,204
DA:15056,0
DA:15057,289
DA:15061,102
DA:15063,51
DA:15064,102
DA:15065,34
DA:15067,0
DA:15068,0
DA:15070,0
DA:15074,51
DA:15075,51
DA:15076,51
DA:15078,51
DA:15079,0
DA:15080,102
DA:15084,306
DA:15086,153
DA:15088,153
DA:15089,119
DA:15090,34
DA:15092,0
DA:15093,0
DA:15095,0
DA:15096,0
DA:15097,0
DA:15098,0
DA:15100,0
DA:15101,0
DA:15102,0
DA:15103,0
DA:15104,0
DA:15105,0
DA:15107,0
DA:15108,0
DA:15109,0
DA:15110,0
DA:15112,0
DA:15113,0
DA:15114,0
DA:15115,0
DA:15117,0
DA:15118,0
DA:15119,0
DA:15120,0
DA:15121,0
DA:15123,0
DA:15124,0
DA:15127,34
DA:15129,34
DA:15130,34
DA:15132,0
DA:15133,0
DA:15134,34
DA:15135,0
DA:15140,153
DA:15141,153
DA:15142,153
DA:15144,153
DA:15145,459
DA:15146,51
DA:15147,51
DA:15148,51
DA:15151,102
DA:15152,0
DA:15153,0
DA:15154,0
DA:15155,0
DA:15156,51
DA:15158,0
DA:15159,0
DA:15160,0
DA:15161,0
DA:15163,0
DA:15165,0
DA:15166,0
DA:15167,0
DA:15168,0
DA:15169,0
DA:15171,0
DA:15172,0
DA:15174,0
DA:15175,0
DA:15178,0
DA:15180,0
DA:15181,0
DA:15183,0
DA:15184,0
DA:15186,0
DA:15187,0
DA:15192,51
DA:15196,51
DA:15198,17
DA:15200,17
DA:15201,17
DA:15202,17
DA:15207,0
DA:15212,34
DA:15213,34
DA:15218,34
DA:15219,0
DA:15220,34
[...]
DA:128,578
DA:129,578
DA:130,183
DA:131,578
DA:132,648
DA:135,648
DA:137,648
DA:139,155
DA:142,155
DA:144,155
DA:146,155
DA:150,155
DA:152,0
DA:153,0
DA:157,155
DA:158,155
DA:159,155
DA:161,155
DA:163,6174
DA:166,6174
DA:168,6174
DA:170,6860
DA:173,6860
DA:175,6860
DA:177,120
DA:181,120
DA:182,120
DA:183,120
DA:184,120
DA:185,120
DA:186,120
DA:187,120
DA:188,120
DA:191,2670
DA:192,2550
DA:194,120
DA:196,51
DA:200,51
DA:203,204
DA:205,102
DA:206,102
DA:207,102
DA:210,51
DA:212,155
DA:215,155
DA:217,155
DA:219,277
DA:222,277
DA:223,277
LF:91
LH:85
end_of_record
TN:
SF:/work/source/dtypes.hxx
FNL:0,118,119
FNA:0,15023,_ZNK8FileItemltERKS_
FNF:1
FNH:1
DA:118,15023
DA:119,15023
LF:2
LH:2
end_of_record
TN:
SF:/work/source/file_model.cxx
FNL:0,100,119
FNA:0,4,_ZNK9FileModel12get_selectedB5cxx11Ev
FNL:1,121,176
FNA:1,44,_ZN9FileModel11process_keyB5cxx11ESt17basic_string_viewIcSt11char_traitsIcEES3_
FNL:2,178,203
FNA:2,55,_ZN9FileModel6updateERKNSt10filesystem7__cxx114pathEbSt17basic_string_viewIcSt11char_traitsIcEE
FNL:3,18,33
FNA:3,4,_ZN12_GLOBAL__N_1L10to_relpathERKNSt10filesystem7__cxx114pathE
FNL:4,40,46
FNA:4,7,_ZN9FileModelC2ENSt10filesystem7__cxx114pathERK16OmniPickerConfig
FNL:5,52,53
FNA:5,51,_ZN9FileModel17get_contents_filtEv
FNL:6,55,56
FNA:6,51,_ZN9FileModel17get_contents_prevEv
FNL:7,58,59
FNA:7,51,_ZNK9FileModel14get_focus_filtEv
FNL:8,61,72
FNA:8,51,_ZNK9FileModel14get_focus_prevEv
FNL:9,74,83
FNA:9,107,_ZNK9FileModel8get_itemEv
FNL:10,85,98
FNA:10,51,_ZN9FileModel11get_previewERKNSt7__cxx1112basic_stringIcSt11char_traitsIcESaIcEEEi
FNF:11
FNH:11
DA:18,4
DA:29,4
DA:30,4
DA:31,8
DA:33,4
DA:40,7
DA:41,21
DA:44,7
DA:46,7
DA:52,51
DA:53,51
DA:55,51
DA:56,51
DA:58,51
DA:59,51
DA:61,51
DA:64,51
DA:66,51
DA:67,906
DA:68,902
DA:70,51
DA:72,51
DA:74,107
DA:78,107
DA:79,0
DA:81,107
DA:85,51
DA:89,51
DA:92,51
DA:93,51
DA:94,20
DA:96,102
DA:98,51
DA:100,4
DA:103,4
DA:105,214
DA:106,206
DA:107,0
DA:110,4
DA:112,4
DA:113,4
DA:114,4
DA:115,4
DA:117,4
DA:119,0
DA:121,44
DA:125,44
DA:128,44
DA:130,44
DA:133,1
DA:134,1
DA:138,3
DA:139,3
DA:140,3
DA:141,3
DA:142,1
DA:143,1
DA:144,1
DA:145,1
DA:148,1
DA:149,1
DA:151,1
DA:152,1
DA:154,1
DA:156,2
DA:159,2
DA:160,2
DA:162,1
DA:164,1
DA:167,1
DA:168,1
DA:169,1
DA:170,1
DA:171,1
DA:174,44
DA:178,55
DA:182,55
DA:183,27
DA:186,28
DA:187,28
DA:188,28
DA:191,28
DA:192,28
DA:195,28
DA:196,1859
DA:197,1803
DA:198,1550
DA:201,28
LF:88
LH:85
end_of_record
TN:
SF:/work/source/file_picker.cxx
FNL:0,17,63
FNA:0,7,_Z15run_file_pickerB5cxx11St17basic_string_viewIcSt11char_traitsIcEERK16OmniPickerConfigS2_
FNF:1
FNH:1
DA:17,7
DA:21,7
DA:24,7
DA:25,7
DA:28,7
DA:31,7
DA:36,51
DA:37,51
DA:38,51
DA:41,51
DA:46,51
DA:49,51
DA:52,57
DA:55,48
DA:56,4
DA:59,44
DA:60,44
DA:61,102
DA:63,14
LF:19
LH:19
end_of_record
TN:
SF:/work/source/file_preview.cxx
FNL:0,107,212
FNA:0,66,_Z7listdirRKNSt10filesystem7__cxx114pathEbbi
FNL:1,214,253
FNA:1,20,_Z7previewRKNSt10filesystem7__cxx114pathEiRK16OmniPickerConfig
FNL:2,26,49
FNA:2,1,_ZN12_GLOBAL__N_1L20get_binary_file_infoERKNSt10filesystem7__cxx114pathE
FNL:3,51,73
FNA:3,8,_ZN12_GLOBAL__N_1L19replace_placeholderERKNSt7__cxx1112basic_stringIcSt11char_traitsIcESaIcEEES7_
FNL:4,75,100
FNA:4,10,_ZN12_GLOBAL__N_1L15split_lines_rawERKNSt7__cxx1112basic_stringIcSt11char_traitsIcESaIcEEEi
FNF:5
FNH:5
DA:26,1
DA:37,1
DA:38,1
DA:40,1
DA:41,0
DA:43,1
DA:44,1
DA:45,1
DA:47,1
DA:49,1
DA:51,8
DA:64,8
DA:68,16
DA:69,8
DA:71,8
DA:73,0
DA:75,10
DA:88,10
DA:91,10
DA:94,10
DA:95,251
DA:96,241
DA:98,10
DA:100,10
DA:107,66
DA:111,66
DA:114,66
DA:115,66
DA:116,0
DA:118,2527
DA:121,2462
DA:124,2461
DA:125,2461
DA:126,29
DA:130,2432
DA:131,0
DA:134,2432
DA:138,2432
DA:139,1822
DA:140,1601
DA:143,2432
DA:144,2432
DA:147,1803
DA:148,1803
DA:152,1803
DA:153,1803
DA:157,1803
DA:158,3606
DA:159,1803
DA:161,12621
DA:164,2432
DA:165,2527
DA:169,66
DA:172,66
DA:173,66
DA:176,28
DA:179,3662
DA:180,10818
DA:181,9015
DA:185,66
DA:188,4996
DA:190,2432
DA:191,2432
DA:192,10818
DA:193,9015
DA:195,2432
DA:196,2432
DA:197,2432
DA:198,2432
DA:199,4864
DA:200,2432
DA:203,66
DA:204,66
DA:207,66
DA:208,132
DA:209,132
DA:210,66
DA:212,2004
DA:214,20
DA:218,20
DA:219,0
DA:222,20
DA:225,10
DA:226,144
DA:227,134
DA:228,10
DA:229,10
DA:232,10
DA:235,6
DA:236,1
DA:239,5
DA:246,4
DA:247,1
DA:250,3
LF:94
LH:89
end_of_record
TN:
SF:/work/source/file_window.cxx
FNL:0,115,206
FNA:0,51,_ZN10FileWindow6getkeyB5cxx11Ev
FNL:1,16,23
FNA:1,7,_ZN10FileWindowC2EffSt5arrayIS0_IhLm3EELm8EESt17basic_string_viewIcSt11char_traitsIcEE
FNL:2,208,213
FNA:2,44,_ZNK10FileWindow12get_grep_strB5cxx11Ev
FNL:3,215,220
FNA:3,44,_ZN10FileWindow12set_grep_strESt17basic_string_viewIcSt11char_traitsIcEE
FNL:4,222,257
FNA:4,102,_ZN10FileWindow7listboxE4RectRKSt6vectorI8FileItemSaIS2_EEi
FNL:5,25,28
FNA:5,7,_ZN10FileWindowD2Ev
FNL:6,259,286
FNA:6,109,_ZN10FileWindow13update_layoutEv
FNL:7,34,113
FNA:7,51,_ZN10FileWindow4drawERKSt6vectorI8FileItemSaIS1_EEiS5_iRKS0_INSt7__cxx1112basic_stringIcSt11char_traitsIcESaIcEEESaISB_EE
FNF:8
FNH:8
DA:16,7
DA:17,7
DA:21,7
DA:23,7
DA:25,7
DA:28,7
DA:34,51
DA:40,51
DA:43,51
DA:44,51
DA:45,51
DA:46,51
DA:47,51
DA:48,51
DA:49,51
DA:52,51
DA:53,51
DA:54,51
DA:55,51
DA:56,51
DA:59,51
DA:62,102
DA:63,51
DA:64,51
DA:67,51
DA:70,37
DA:71,675
DA:73,638
DA:74,638
DA:79,51
DA:82,20
DA:85,20
DA:89,51
DA:92,5
DA:95,5
DA:98,15
DA:101,15
DA:104,10
DA:107,10
DA:111,51
DA:113,51
DA:115,51
DA:119,51
DA:122,51
DA:127,51
DA:129,20
DA:132,3
DA:134,3
DA:135,6
DA:138,2
DA:140,2
DA:141,4
DA:143,15
DA:144,15
DA:145,15
DA:146,30
DA:153,31
DA:155,5
DA:158,1
DA:160,1
DA:161,2
DA:164,2
DA:166,2
DA:167,4
DA:170,2
DA:172,2
DA:173,4
DA:175,0
DA:176,0
DA:185,26
DA:188,3
DA:189,3
DA:190,6
DA:193,1
DA:194,1
DA:195,1
DA:196,2
DA:199,22
DA:200,22
DA:206,51
DA:208,44
DA:211,44
DA:215,44
DA:218,44
DA:220,44
DA:222,102
DA:226,102
DA:229,102
DA:231,102
DA:232,102
DA:235,102
DA:236,102
DA:237,102
DA:239,2848
DA:241,2746
DA:242,2746
DA:243,2746
DA:245,2746
DA:246,2746
DA:247,5492
DA:249,2746
DA:250,2746
DA:252,2746
DA:254,2746
DA:255,2746
DA:259,109
DA:263,109
DA:264,109
DA:265,109
DA:267,0
DA:268,0
DA:272,109
DA:275,109
DA:276,109
DA:277,109
DA:278,109
DA:279,109
DA:280,109
DA:281,109
DA:284,109
DA:286,109
LF:121
LH:117
end_of_record
TN:
SF:/work/source/grid_model.cxx
FNL:0,16,19
FNA:0,7,_ZN9GridModelC2ERKSt6vectorINSt7__cxx1112basic_stringIcSt11char_traitsIcESaIcEEESaIS6_EE
FNL:1,25,71
FNA:1,42,_ZN9GridModel11process_keyB5cxx11ESt17basic_string_viewIcSt11char_traitsIcEES3_St5tupleIJiiEE
FNF:2
FNH:2
DA:16,7
DA:19,7
DA:25,42
DA:29,42
DA:32,42
DA:35,42
DA:38,42
DA:39,42
DA:40,42
DA:42,42
DA:46,1
DA:47,1
DA:48,1
DA:49,1
DA:50,5
DA:51,5
DA:52,5
DA:53,5
DA:54,1
DA:55,1
DA:56,1
DA:57,1
DA:60,1
DA:61,1
DA:63,1
DA:64,1
DA:66,1
DA:69,84
LF:28
LH:28
end_of_record
TN:
SF:/work/source/grid_picker.cxx
FNL:0,16,46
FNA:0,7,_ZN12_GLOBAL__N_1L19load_history_tokensERKNSt10filesystem7__cxx114pathE
FNL:1,19,32
FNA:1,20,_ZZN12_GLOBAL__N_1L19load_history_tokensERKNSt10filesystem7__cxx114pathEENKUlSt17basic_string_viewIcSt11char_traitsIcEEE_clES8_
FNL:2,29,31
FNA:2,20,_ZZZN12_GLOBAL__N_1L19load_history_tokensERKNSt10filesystem7__cxx114pathEENKUlSt17basic_string_viewIcSt11char_traitsIcEEE_clES8_ENKUlhE_clEh
FNL:3,53,88
FNA:3,7,_Z15run_grid_pickerB5cxx11St17basic_string_viewIcSt11char_traitsIcEERK16OmniPickerConfigS2_
FNF:4
FNH:4
DA:16,7
DA:19,20
DA:28,20
DA:29,0
DA:30,0
DA:31,20
DA:35,7
DA:36,2
DA:38,5
DA:39,25
DA:40,20
DA:41,110
DA:42,95
DA:44,5
DA:46,5
DA:53,7
DA:57,7
DA:60,7
DA:63,7
DA:68,49
DA:71,49
DA:74,49
DA:77,49
DA:80,46
DA:81,16
DA:84,42
DA:85,42
DA:86,91
DA:88,7
LF:29
LH:27
end_of_record
TN:
SF:/work/source/grid_window.cxx
FNL:0,114,119
FNA:0,42,_ZNK10GridWindow12get_grep_strB5cxx11Ev
FNL:1,121,126
FNA:1,42,_ZN10GridWindow12set_grep_strESt17basic_string_viewIcSt11char_traitsIcEE
FNL:2,128,142
FNA:2,49,_ZN10GridWindow11draw_headerERKSt6vectorI8LineItemSaIS1_EEii
FNL:3,144,204
FNA:3,49,_ZN10GridWindow9draw_gridERKSt6vectorI8LineItemSaIS1_EEiii
FNL:4,16,18
FNA:4,7,_ZN10GridWindowC2ESt5arrayIS0_IhLm3EELm8EESt17basic_string_viewIcSt11char_traitsIcEE
FNL:5,20,21
FNA:5,7,_ZN10GridWindowD2Ev
FNL:6,206,225
FNA:6,1029,_ZN10GridWindow15draw_grid_hlineEiiijjj
FNL:7,227,234
FNA:7,980,_ZN10GridWindow15draw_grid_vlineEiiii
FNL:8,236,241
FNA:8,42,_ZN10GridWindow14get_grid_shapeEv
FNL:9,27,58
FNA:9,49,_ZN10GridWindow4drawERKSt6vectorI8LineItemSaIS1_EEi
FNL:10,60,112
FNA:10,49,_ZN10GridWindow6getkeyB5cxx11Ev
FNF:11
FNH:11
DA:16,7
DA:17,14
DA:18,7
DA:20,7
DA:21,7
DA:27,49
DA:31,49
DA:34,49
DA:37,49
DA:40,49
DA:43,49
DA:46,49
DA:49,20
DA:52,20
DA:56,49
DA:58,49
DA:60,49
DA:64,49
DA:69,49
DA:71,20
DA:74,3
DA:76,3
DA:77,6
DA:80,2
DA:82,2
DA:83,4
DA:85,15
DA:86,15
DA:87,15
DA:88,30
DA:97,29
DA:100,3
DA:101,3
DA:102,6
DA:105,26
DA:106,26
DA:112,49
DA:114,42
DA:117,42
DA:121,42
DA:124,42
DA:126,42
DA:128,49
DA:132,49
DA:133,0
DA:134,72
DA:137,49
DA:140,49
DA:142,49
DA:144,49
DA:148,49
DA:149,49
DA:150,49
DA:153,49
DA:154,49
DA:157,1078
DA:160,1029
DA:163,1029
DA:164,980
DA:165,49
DA:168,1029
DA:169,980
DA:173,49
DA:174,49
DA:176,222
DA:179,222
DA:180,222
DA:181,49
DA:184,173
DA:185,173
DA:186,173
DA:187,173
DA:190,173
DA:193,173
DA:196,173
DA:197,173
DA:198,173
DA:201,173
DA:202,173
DA:204,49
DA:206,1029
DA:209,7203
DA:212,6174
DA:215,6174
DA:216,5145
DA:219,6174
DA:223,1029
DA:225,1029
DA:227,980
DA:231,7840
DA:232,6860
DA:234,980
DA:236,42
DA:239,42
LF:94
LH:93
end_of_record
TN:
SF:/work/source/line_model.cxx
FNL:0,116,135
FNA:0,104,_ZN9LineModel6updateESt17basic_string_viewIcSt11char_traitsIcEE
FNL:1,15,36
FNA:1,16,_ZN9LineModelC2ERKSt6vectorINSt7__cxx1112basic_stringIcSt11char_traitsIcESaIcEEESaIS6_EE
FNL:2,42,43
FNA:2,104,_ZN9LineModel17get_contents_filtEv
FNL:3,45,46
FNA:3,104,_ZNK9LineModel14get_focus_filtEv
FNL:4,48,57
FNA:4,8,_ZNK9LineModel8get_itemEv
FNL:5,59,78
FNA:5,9,_ZNK9LineModel12get_selectedB5cxx11Ev
FNL:6,80,114
FNA:6,46,_ZN9LineModel11process_keyB5cxx11ESt17basic_string_viewIcSt11char_traitsIcEES3_
FNF:7
FNH:7
DA:15,32
DA:18,16
DA:21,160
DA:23,128
DA:25,128
DA:26,128
DA:30,160
DA:31,128
DA:34,16
DA:36,16
DA:42,104
DA:43,104
DA:45,104
DA:46,104
DA:48,8
DA:52,8
DA:53,7
DA:55,1
DA:59,9
DA:62,9
DA:64,41
DA:65,23
DA:66,1
DA:69,9
DA:71,8
DA:72,8
DA:73,1
DA:74,8
DA:76,9
DA:78,0
DA:80,46
DA:84,46
DA:87,46
DA:89,46
DA:93,9
DA:94,9
DA:95,9
DA:96,9
DA:97,0
DA:98,0
DA:99,1
DA:100,1
DA:103,1
DA:104,1
DA:106,1
DA:107,1
DA:109,1
DA:112,46
DA:116,104
DA:120,104
DA:121,70
DA:124,34
DA:127,34
DA:128,325
DA:129,257
DA:130,19
DA:133,34
LF:57
LH:54
end_of_record
TN:
SF:/work/source/line_picker.cxx
FNL:0,118,144
FNA:0,1,_Z14run_hst_pickerB5cxx11St17basic_string_viewIcSt11char_traitsIcEERK16OmniPickerConfigS2_
FNL:1,146,178
FNA:1,1,_Z14run_pid_pickerB5cxx11St17basic_string_viewIcSt11char_traitsIcEERK16OmniPickerConfigS2_
FNL:2,32,74
FNA:2,9,_ZN12_GLOBAL__N_1L16line_picker_bodyERKSt6vectorINSt7__cxx1112basic_stringIcSt11char_traitsIcESaIcEEESaIS6_EERK16OmniPickerConfigSt17basic_string_viewIcS4_E
FNL:3,81,116
FNA:3,7,_Z14run_env_pickerB5cxx11St17basic_string_viewIcSt11char_traitsIcEERK16OmniPickerConfigS2_
FNL:4,84,107
FNA:4,7,_ZZ14run_env_pickerB5cxx11St17basic_string_viewIcSt11char_traitsIcEERK16OmniPickerConfigS2_ENKUlvE_clEv
FNF:5
FNH:5
DA:32,9
DA:46,9
DA:49,9
DA:54,55
DA:57,55
DA:60,55
DA:63,55
DA:66,51
DA:67,5
DA:70,46
DA:71,46
DA:72,101
DA:74,9
DA:81,7
DA:84,7
DA:90,7
DA:92,84
DA:95,77
DA:98,77
DA:99,77
DA:100,77
DA:103,77
DA:106,7
DA:107,0
DA:110,7
DA:111,7
DA:114,28
DA:116,7
DA:118,1
DA:122,1
DA:125,1
DA:126,1
DA:128,5
DA:131,4
DA:134,4
DA:135,8
DA:136,1
DA:139,1
DA:142,4
DA:144,1
DA:146,1
DA:150,1
DA:151,1
DA:153,14
DA:156,13
DA:157,12
DA:158,1
DA:162,1
DA:165,1
DA:166,3
DA:169,1
DA:172,1
DA:173,2
DA:174,1
DA:176,4
DA:178,1
LF:56
LH:55
end_of_record
TN:
SF:/work/source/line_window.cxx
FNL:0,125,130
FNA:0,46,_ZNK10LineWindow12get_grep_strB5cxx11Ev
FNL:1,132,137
FNA:1,46,_ZN10LineWindow12set_grep_strESt17basic_string_viewIcSt11char_traitsIcEE
FNL:2,139,173
FNA:2,55,_ZN10LineWindow7listboxE4RectRKSt6vectorI8LineItemSaIS2_EEi
FNL:3,16,22
FNA:3,9,_ZN10LineWindowC2ESt5arrayIS0_IhLm3EELm8EESt17basic_string_viewIcSt11char_traitsIcEE
FNL:4,175,185
FNA:4,119,_ZN10LineWindow13update_layoutEv
FNL:5,24,27
FNA:5,9,_ZN10LineWindowD2Ev
FNL:6,33,66
FNA:6,55,_ZN10LineWindow4drawERKSt6vectorI8LineItemSaIS1_EEi
FNL:7,68,123
FNA:7,55,_ZN10LineWindow6getkeyB5cxx11Ev
FNF:8
FNH:8
DA:16,9
DA:20,9
DA:22,9
DA:24,9
DA:27,9
DA:33,55
DA:37,55
DA:40,55
DA:41,55
DA:44,55
DA:45,55
DA:48,55
DA:51,55
DA:52,55
DA:55,55
DA:58,20
DA:61,20
DA:64,55
DA:66,55
DA:68,55
DA:72,55
DA:75,55
DA:80,55
DA:82,20
DA:85,3
DA:87,3
DA:88,6
DA:91,2
DA:93,2
DA:94,4
DA:96,15
DA:97,15
DA:98,15
DA:99,30
DA:108,35
DA:111,3
DA:112,3
DA:113,6
DA:116,32
DA:117,32
DA:123,55
DA:125,46
DA:128,46
DA:132,46
DA:135,46
DA:137,46
DA:139,55
DA:143,55
DA:146,38
DA:148,38
DA:149,38
DA:152,38
DA:153,38
DA:154,38
DA:156,386
DA:158,348
DA:159,348
DA:161,348
DA:162,348
DA:163,348
DA:166,348
DA:168,348
DA:170,348
DA:171,348
DA:175,119
DA:179,119
DA:182,119
DA:183,119
DA:185,119
LF:69
LH:69
end_of_record
TN:
SF:/work/source/main.cxx
FNL:0,170,199
FNA:0,28,main
FNL:1,40,168
FNA:1,28,_Z15main_omnipickeriPPKc
FNF:2
FNH:2
DA:40,28
DA:54,28
DA:57,112
DA:58,56
DA:59,168
DA:60,168
DA:61,168
DA:62,168
DA:63,224
DA:64,224
DA:65,168
DA:66,140
DA:69,28
DA:70,56
DA:72,1
DA:73,1
DA:74,1
DA:75,1
DA:76,1
DA:77,1
DA:78,1
DA:79,1
DA:80,1
DA:81,1
DA:82,1
DA:83,1
DA:84,1
DA:85,1
DA:86,1
DA:87,1
DA:88,1
DA:89,1
DA:90,1
DA:91,1
DA:92,1
DA:94,54
DA:96,1
DA:97,1
DA:101,216
DA:103,3
DA:104,3
DA:109,23
DA:111,0
DA:112,0
DA:116,46
DA:117,46
DA:118,46
DA:119,46
DA:120,46
DA:121,23
DA:124,23
DA:127,23
DA:128,23
DA:130,7
DA:131,7
DA:132,1
DA:133,1
DA:134,7
DA:136,0
DA:137,0
DA:138,0
DA:143,23
DA:147,23
DA:149,15
DA:154,8
DA:155,8
DA:157,3
DA:158,3
DA:162,5
DA:163,5
DA:164,5
DA:166,20
DA:168,25
DA:170,28
DA:184,28
DA:186,0
DA:188,0
DA:189,0
DA:190,0
DA:191,0
DA:192,0
DA:194,0
DA:195,0
DA:196,0
DA:197,0
LF:85
LH:70
end_of_record
TN:
SF:/work/source/strextra.cxx
FNL:0,102,120
FNA:0,173,_Z6fitstrB5cxx11St17basic_string_viewIcSt11char_traitsIcEEi
FNL:1,122,128
FNA:1,583,_Z7is_ansiSt17basic_string_viewIcSt11char_traitsIcEE
FNL:2,130,143
FNA:2,9,_Z21remove_last_utf8_charSt17basic_string_viewIcSt11char_traitsIcEE
FNL:3,145,179
FNA:3,0,_Z10parse_ansiRKNSt7__cxx1112basic_stringIcSt11char_traitsIcESaIcEEE
FNL:4,181,188
FNA:4,649,_Z10split_ansiRKNSt7__cxx1112basic_stringIcSt11char_traitsIcESaIcEEE
FNL:5,190,210
FNA:5,1,_Z11split_linesRKNSt7__cxx1112basic_stringIcSt11char_traitsIcESaIcEEE
FNL:6,212,233
FNA:6,17,_Z5stripSt17basic_string_viewIcSt11char_traitsIcEEbb
FNL:7,215,225
FNA:7,60,_ZZ5stripSt17basic_string_viewIcSt11char_traitsIcEEbbENKUlcE_clEc
FNL:8,235,251
FNA:8,6594,_Z8strwidthRKNSt7__cxx1112basic_stringIcSt11char_traitsIcESaIcEEE
FNL:9,29,69
FNA:9,10542,_ZN12_GLOBAL__N_1L13get_char_infoESt17basic_string_viewIcSt11char_traitsIcEE
FNL:10,76,100
FNA:10,3950,_Z7clipstrB5cxx11St17basic_string_viewIcSt11char_traitsIcEEi
FNF:11
FNH:10
DA:29,21084
DA:76,3950
DA:80,3954
DA:83,3948
DA:84,3948
DA:86,81659
DA:89,77899
DA:90,188
DA:93,77711
DA:94,77711
DA:95,3948
DA:98,3948
DA:102,173
DA:106,173
DA:109,173
DA:112,173
DA:115,173
DA:116,173
DA:118,173
DA:120,173
DA:122,583
DA:126,583
DA:130,9
DA:134,9
DA:137,8
DA:138,10
DA:139,2
DA:141,8
DA:145,0
DA:181,1298
DA:184,22
DA:190,2
DA:212,17
DA:215,60
DA:224,60
DA:227,17
DA:228,17
DA:231,17
DA:235,6594
DA:239,6594
DA:242,6594
DA:245,6594
DA:246,164485
DA:247,164485
DA:249,6594
DA:251,6594
LF:46
LH:45
end_of_record
TN:
SF:/work/source/utils.cxx
FNL:0,102,115
FNA:0,1797,_ZZ12get_size_strB5cxx11mENKUldcE_clEdc
FNL:1,140,162
FNA:1,11,_Z28get_valid_path_of_last_tokenB5cxx11St17basic_string_viewIcSt11char_traitsIcEE
FNL:2,164,188
FNA:2,13,_Z12is_text_fileRKNSt10filesystem7__cxx114pathE
FNL:3,190,198
FNA:3,13,_Z4joinRKSt6vectorINSt7__cxx1112basic_stringIcSt11char_traitsIcESaIcEEESaIS5_EERKS5_
FNL:4,200,207
FNA:4,1810,_Z8pad_leftNSt7__cxx1112basic_stringIcSt11char_traitsIcESaIcEEEm
FNL:5,209,216
FNA:5,9015,_Z9pad_rightNSt7__cxx1112basic_stringIcSt11char_traitsIcESaIcEEEm
FNL:6,218,237
FNA:6,4,_Z9read_fileRKNSt10filesystem7__cxx114pathEi
FNL:7,22,63
FNA:7,11,_Z12check_outputB5cxx11St17basic_string_viewIcSt11char_traitsIcEE
FNL:8,239,257
FNA:8,7,_Z10read_linesRKNSt10filesystem7__cxx114pathE
FNL:9,259,300
FNA:9,30,_Z11shlex_quoteB5cxx11St17basic_string_viewIcSt11char_traitsIcEE
FNL:10,262,273
FNA:10,294,_ZZ11shlex_quoteB5cxx11St17basic_string_viewIcSt11char_traitsIcEEENKUlhE_clEh
FNL:11,302,310
FNA:11,5,_Z10shlex_joinRKSt6vectorINSt7__cxx1112basic_stringIcSt11char_traitsIcESaIcEEESaIS5_EE
FNL:12,312,358
FNA:12,25,_Z11shlex_splitSt17basic_string_viewIcSt11char_traitsIcEE
FNL:13,65,79
FNA:13,80,_Z12expand_tildeB5cxx11St17basic_string_viewIcSt11char_traitsIcEE
FNL:14,81,97
FNA:14,1809,_Z12get_perm_strB5cxx11j
FNL:15,99,138
FNA:15,1810,_Z12get_size_strB5cxx11m
FNF:16
FNH:16
DA:22,11
DA:26,11
DA:29,11
DA:32,11
DA:33,11
DA:36,11
DA:37,11
DA:41,218
DA:44,207
DA:47,207
DA:53,207
DA:56,207
DA:60,11
DA:61,11
DA:63,11
DA:65,80
DA:69,80
DA:70,60
DA:73,50
DA:74,50
DA:75,150
DA:77,0
DA:81,1809
DA:84,1809
DA:85,1809
DA:86,1809
DA:87,1809
DA:88,1809
DA:89,1809
DA:90,1809
DA:91,1809
DA:92,1809
DA:93,1809
DA:94,1809
DA:95,1809
DA:99,1810
DA:102,1797
DA:112,1797
DA:113,1203
DA:114,944
DA:118,1810
DA:120,3848
DA:123,3848
DA:125,1810
DA:127,13
DA:128,1556
DA:129,241
DA:130,0
DA:131,0
DA:136,0
DA:140,11
DA:144,11
DA:145,16
DA:148,3
DA:151,3
DA:152,0
DA:154,3
DA:155,3
DA:156,3
DA:158,3
DA:159,3
DA:160,6
DA:162,3
DA:164,13
DA:168,13
DA:171,12
DA:172,12
DA:176,12
DA:179,12
DA:183,7220
DA:184,7213
DA:186,7
DA:188,12
DA:190,13
DA:193,13
DA:194,28
DA:195,2
DA:196,13
DA:198,0
DA:200,1810
DA:203,1810
DA:204,956
DA:205,1810
DA:209,9015
DA:212,9015
DA:213,0
DA:214,9015
DA:218,4
DA:222,4
DA:225,6
DA:227,3
DA:228,1
DA:231,2
DA:232,2
DA:233,2
DA:235,2
DA:237,4
DA:239,7
DA:259,30
DA:262,294
DA:271,294
DA:272,294
DA:276,32
DA:280,308
DA:283,294
DA:286,15
DA:288,680
DA:290,665
DA:291,663
DA:295,15
DA:296,15
DA:298,28
DA:302,5
DA:305,5
DA:306,17
DA:307,21
DA:308,5
DA:310,0
DA:312,25
DA:316,25
DA:318,25
DA:319,25
DA:321,25
DA:322,25
DA:323,25
DA:325,336
DA:329,311
DA:332,310
DA:333,309
DA:334,297
DA:338,295
DA:341,32
DA:342,27
DA:345,32
DA:349,311
DA:353,25
DA:354,25
DA:356,25
DA:358,0
LF:139
LH:130
end_of_record
TN:
SF:/work/source/utils.hxx
FNL:0,22,37
FNA:0,218,_Z4clipIfET_S0_S0_S0_
FNA:0,331,_Z4clipIiET_S0_S0_S0_
FNL:1,39,66
FNA:1,431,_Z4hashSt17basic_string_viewIcSt11char_traitsIcEEm
FNL:2,68,89
FNA:2,2,_Z4hashPKcm
FNF:3
FNH:3
DA:22,549
DA:35,549
DA:39,431
DA:55,431
DA:58,431
DA:61,2149
DA:62,1718
DA:64,431
DA:68,2
DA:84,2
DA:85,1
DA:87,1
LF:12
LH:12
end_of_record
TN:
SF:/work/test_common.hxx
FNL:0,32,45
FNA:0,73,_ZL11assert_bodybPKci
FNF:1
FNH:1
DA:32,73
DA:36,73
DA:37,8
DA:40,73
DA:43,73
DA:45,73
LF:6
LH:6
end_of_record
TN:
SF:/work/test_strextra.cxx
FNL:0,32,40
FNA:0,1,_ZN12_GLOBAL__N_1L18collect_split_ansiERKNSt7__cxx1112basic_stringIcSt11char_traitsIcESaIcEEE
FNL:1,47,105
FNA:1,1,main
FNF:2
FNH:2
DA:32,1
DA:35,1
DA:36,11
DA:37,6
DA:38,1
DA:40,0
DA:47,1
DA:50,1
DA:53,1
DA:54,1
DA:55,1
DA:56,1
DA:57,1
DA:58,1
DA:59,1
DA:62,1
DA:63,1
DA:64,1
DA:65,1
DA:66,1
DA:69,1
DA:70,1
DA:71,1
DA:81,1
DA:82,1
DA:83,1
DA:84,1
DA:85,1
DA:86,1
DA:87,1
DA:90,2
DA:91,2
DA:92,1
DA:95,1
DA:96,1
DA:97,1
DA:100,1
DA:101,0
DA:103,1
DA:105,1
LF:40
LH:38
end_of_record
TN:
SF:/work/test_utils.cxx
FNL:0,30,124
FNA:0,1,main
FNF:1
FNH:1
DA:30,1
DA:33,1
DA:36,1
DA:37,1
DA:38,1
DA:39,1
DA:40,1
DA:43,1
DA:44,1
DA:45,1
DA:46,1
DA:47,9
DA:48,1
DA:49,1
DA:50,1
DA:51,1
DA:52,1
DA:53,1
DA:54,1
DA:57,1
DA:58,1
DA:59,1
DA:60,1
DA:61,1
DA:62,1
DA:63,1
DA:66,1
DA:67,1
DA:68,1
DA:69,1
DA:70,1
DA:71,1
DA:74,1
DA:75,1
DA:76,1
DA:77,1
DA:80,1
DA:81,1
DA:82,1
DA:83,1
DA:84,1
DA:85,1
DA:86,1
DA:87,1
DA:90,1
DA:91,127
DA:92,126
DA:93,2
DA:96,1
DA:97,1
DA:98,1
DA:99,1
DA:100,1
DA:101,1
DA:102,1
DA:103,1
DA:104,1
DA:105,1
DA:106,1
DA:107,1
DA:110,1
DA:111,1
DA:114,1
DA:115,1
DA:116,1
DA:119,1
DA:120,1
DA:122,1
DA:124,1
LF:69
LH:69
end_of_record
